[2018-08-7 01:03:24] System update is error java.sql.SQLException: [SQLITE_ERROR] SQL error or missing database (duplicate column name: LAST_LAP)
	at org.sqlite.DB.newSQLException(DB.java:383)
	at org.sqlite.DB.newSQLException(DB.java:387)
	at org.sqlite.DB.throwex(DB.java:374)
	at org.sqlite.NativeDB.prepare(Native Method)
	at org.sqlite.DB.prepare(DB.java:123)
	at org.sqlite.PrepStmt.<init>(PrepStmt.java:42)
	at org.sqlite.Conn.prepareStatement(Conn.java:404)
	at org.sqlite.Conn.prepareStatement(Conn.java:399)
	at org.sqlite.Conn.prepareStatement(Conn.java:383)
	at vs.time.kkv.models.DataBaseStructure.executeAddons(DataBaseStructure.java:140)
	at vs.time.kkv.connector.MainForm.<init>(MainForm.java:335)
	at vs.time.kkv.connector.MainForm$22.run(MainForm.java:1082)
	at java.awt.event.InvocationEvent.dispatch(InvocationEvent.java:311)
	at java.awt.EventQueue.dispatchEventImpl(EventQueue.java:758)
	at java.awt.EventQueue.access$500(EventQueue.java:97)
	at java.awt.EventQueue$3.run(EventQueue.java:709)
	at java.awt.EventQueue$3.run(EventQueue.java:703)
	at java.security.AccessController.doPrivileged(Native Method)
	at java.security.ProtectionDomain$JavaSecurityAccessImpl.doIntersectionPrivilege(ProtectionDomain.java:74)
	at java.awt.EventQueue.dispatchEvent(EventQueue.java:728)
	at java.awt.EventDispatchThread.pumpOneEventForFilters(EventDispatchThread.java:205)
	at java.awt.EventDispatchThread.pumpEventsForFilter(EventDispatchThread.java:116)
	at java.awt.EventDispatchThread.pumpEventsForHierarchy(EventDispatchThread.java:105)
	at java.awt.EventDispatchThread.pumpEvents(EventDispatchThread.java:101)
	at java.awt.EventDispatchThread.pumpEvents(EventDispatchThread.java:93)
	at java.awt.EventDispatchThread.run(EventDispatchThread.java:82)
[2018-08-7 01:08:58] System update is error java.sql.SQLException: [SQLITE_ERROR] SQL error or missing database (duplicate column name: LAST_LAP)
	at org.sqlite.DB.newSQLException(DB.java:383)
	at org.sqlite.DB.newSQLException(DB.java:387)
	at org.sqlite.DB.throwex(DB.java:374)
	at org.sqlite.NativeDB.prepare(Native Method)
	at org.sqlite.DB.prepare(DB.java:123)
	at org.sqlite.PrepStmt.<init>(PrepStmt.java:42)
	at org.sqlite.Conn.prepareStatement(Conn.java:404)
	at org.sqlite.Conn.prepareStatement(Conn.java:399)
	at org.sqlite.Conn.prepareStatement(Conn.java:383)
	at vs.time.kkv.models.DataBaseStructure.executeAddons(DataBaseStructure.java:140)
	at vs.time.kkv.connector.MainForm.<init>(MainForm.java:335)
	at vs.time.kkv.connector.MainForm$22.run(MainForm.java:1082)
	at java.awt.event.InvocationEvent.dispatch(InvocationEvent.java:311)
	at java.awt.EventQueue.dispatchEventImpl(EventQueue.java:758)
	at java.awt.EventQueue.access$500(EventQueue.java:97)
	at java.awt.EventQueue$3.run(EventQueue.java:709)
	at java.awt.EventQueue$3.run(EventQueue.java:703)
	at java.security.AccessController.doPrivileged(Native Method)
	at java.security.ProtectionDomain$JavaSecurityAccessImpl.doIntersectionPrivilege(ProtectionDomain.java:74)
	at java.awt.EventQueue.dispatchEvent(EventQueue.java:728)
	at java.awt.EventDispatchThread.pumpOneEventForFilters(EventDispatchThread.java:205)
	at java.awt.EventDispatchThread.pumpEventsForFilter(EventDispatchThread.java:116)
	at java.awt.EventDispatchThread.pumpEventsForHierarchy(EventDispatchThread.java:105)
	at java.awt.EventDispatchThread.pumpEvents(EventDispatchThread.java:101)
	at java.awt.EventDispatchThread.pumpEvents(EventDispatchThread.java:93)
	at java.awt.EventDispatchThread.run(EventDispatchThread.java:82)
[2018-08-7 01:14:05] System update is error java.sql.SQLException: [SQLITE_ERROR] SQL error or missing database (duplicate column name: LAST_LAP)
	at org.sqlite.DB.newSQLException(DB.java:383)
	at org.sqlite.DB.newSQLException(DB.java:387)
	at org.sqlite.DB.throwex(DB.java:374)
	at org.sqlite.NativeDB.prepare(Native Method)
	at org.sqlite.DB.prepare(DB.java:123)
	at org.sqlite.PrepStmt.<init>(PrepStmt.java:42)
	at org.sqlite.Conn.prepareStatement(Conn.java:404)
	at org.sqlite.Conn.prepareStatement(Conn.java:399)
	at org.sqlite.Conn.prepareStatement(Conn.java:383)
	at vs.time.kkv.models.DataBaseStructure.executeAddons(DataBaseStructure.java:140)
	at vs.time.kkv.connector.MainForm.<init>(MainForm.java:335)
	at vs.time.kkv.connector.MainForm$22.run(MainForm.java:1082)
	at java.awt.event.InvocationEvent.dispatch(InvocationEvent.java:311)
	at java.awt.EventQueue.dispatchEventImpl(EventQueue.java:758)
	at java.awt.EventQueue.access$500(EventQueue.java:97)
	at java.awt.EventQueue$3.run(EventQueue.java:709)
	at java.awt.EventQueue$3.run(EventQueue.java:703)
	at java.security.AccessController.doPrivileged(Native Method)
	at java.security.ProtectionDomain$JavaSecurityAccessImpl.doIntersectionPrivilege(ProtectionDomain.java:74)
	at java.awt.EventQueue.dispatchEvent(EventQueue.java:728)
	at java.awt.EventDispatchThread.pumpOneEventForFilters(EventDispatchThread.java:205)
	at java.awt.EventDispatchThread.pumpEventsForFilter(EventDispatchThread.java:116)
	at java.awt.EventDispatchThread.pumpEventsForHierarchy(EventDispatchThread.java:105)
	at java.awt.EventDispatchThread.pumpEvents(EventDispatchThread.java:101)
	at java.awt.EventDispatchThread.pumpEvents(EventDispatchThread.java:93)
	at java.awt.EventDispatchThread.run(EventDispatchThread.java:82)
[2018-08-7 01:19:40] System update is error java.sql.SQLException: [SQLITE_ERROR] SQL error or missing database (duplicate column name: LAST_LAP)
	at org.sqlite.DB.newSQLException(DB.java:383)
	at org.sqlite.DB.newSQLException(DB.java:387)
	at org.sqlite.DB.throwex(DB.java:374)
	at org.sqlite.NativeDB.prepare(Native Method)
	at org.sqlite.DB.prepare(DB.java:123)
	at org.sqlite.PrepStmt.<init>(PrepStmt.java:42)
	at org.sqlite.Conn.prepareStatement(Conn.java:404)
	at org.sqlite.Conn.prepareStatement(Conn.java:399)
	at org.sqlite.Conn.prepareStatement(Conn.java:383)
	at vs.time.kkv.models.DataBaseStructure.executeAddons(DataBaseStructure.java:140)
	at vs.time.kkv.connector.MainForm.<init>(MainForm.java:335)
	at vs.time.kkv.connector.MainForm$22.run(MainForm.java:1082)
	at java.awt.event.InvocationEvent.dispatch(InvocationEvent.java:311)
	at java.awt.EventQueue.dispatchEventImpl(EventQueue.java:758)
	at java.awt.EventQueue.access$500(EventQueue.java:97)
	at java.awt.EventQueue$3.run(EventQueue.java:709)
	at java.awt.EventQueue$3.run(EventQueue.java:703)
	at java.security.AccessController.doPrivileged(Native Method)
	at java.security.ProtectionDomain$JavaSecurityAccessImpl.doIntersectionPrivilege(ProtectionDomain.java:74)
	at java.awt.EventQueue.dispatchEvent(EventQueue.java:728)
	at java.awt.EventDispatchThread.pumpOneEventForFilters(EventDispatchThread.java:205)
	at java.awt.EventDispatchThread.pumpEventsForFilter(EventDispatchThread.java:116)
	at java.awt.EventDispatchThread.pumpEventsForHierarchy(EventDispatchThread.java:105)
	at java.awt.EventDispatchThread.pumpEvents(EventDispatchThread.java:101)
	at java.awt.EventDispatchThread.pumpEvents(EventDispatchThread.java:93)
	at java.awt.EventDispatchThread.run(EventDispatchThread.java:82)
[2018-08-7 01:24:26] System update is error java.sql.SQLException: [SQLITE_ERROR] SQL error or missing database (duplicate column name: LAST_LAP)
	at org.sqlite.DB.newSQLException(DB.java:383)
	at org.sqlite.DB.newSQLException(DB.java:387)
	at org.sqlite.DB.throwex(DB.java:374)
	at org.sqlite.NativeDB.prepare(Native Method)
	at org.sqlite.DB.prepare(DB.java:123)
	at org.sqlite.PrepStmt.<init>(PrepStmt.java:42)
	at org.sqlite.Conn.prepareStatement(Conn.java:404)
	at org.sqlite.Conn.prepareStatement(Conn.java:399)
	at org.sqlite.Conn.prepareStatement(Conn.java:383)
	at vs.time.kkv.models.DataBaseStructure.executeAddons(DataBaseStructure.java:140)
	at vs.time.kkv.connector.MainForm.<init>(MainForm.java:335)
	at vs.time.kkv.connector.MainForm$22.run(MainForm.java:1082)
	at java.awt.event.InvocationEvent.dispatch(InvocationEvent.java:311)
	at java.awt.EventQueue.dispatchEventImpl(EventQueue.java:758)
	at java.awt.EventQueue.access$500(EventQueue.java:97)
	at java.awt.EventQueue$3.run(EventQueue.java:709)
	at java.awt.EventQueue$3.run(EventQueue.java:703)
	at java.security.AccessController.doPrivileged(Native Method)
	at java.security.ProtectionDomain$JavaSecurityAccessImpl.doIntersectionPrivilege(ProtectionDomain.java:74)
	at java.awt.EventQueue.dispatchEvent(EventQueue.java:728)
	at java.awt.EventDispatchThread.pumpOneEventForFilters(EventDispatchThread.java:205)
	at java.awt.EventDispatchThread.pumpEventsForFilter(EventDispatchThread.java:116)
	at java.awt.EventDispatchThread.pumpEventsForHierarchy(EventDispatchThread.java:105)
	at java.awt.EventDispatchThread.pumpEvents(EventDispatchThread.java:101)
	at java.awt.EventDispatchThread.pumpEvents(EventDispatchThread.java:93)
	at java.awt.EventDispatchThread.run(EventDispatchThread.java:82)
[2018-08-13 13:05:53] System update is error java.sql.SQLException: [SQLITE_ERROR] SQL error or missing database (duplicate column name: LAST_LAP)
	at org.sqlite.DB.newSQLException(DB.java:383)
	at org.sqlite.DB.newSQLException(DB.java:387)
	at org.sqlite.DB.throwex(DB.java:374)
	at org.sqlite.NativeDB.prepare(Native Method)
	at org.sqlite.DB.prepare(DB.java:123)
	at org.sqlite.PrepStmt.<init>(PrepStmt.java:42)
	at org.sqlite.Conn.prepareStatement(Conn.java:404)
	at org.sqlite.Conn.prepareStatement(Conn.java:399)
	at org.sqlite.Conn.prepareStatement(Conn.java:383)
	at vs.time.kkv.models.DataBaseStructure.executeAddons(DataBaseStructure.java:140)
	at vs.time.kkv.connector.MainForm.<init>(MainForm.java:335)
	at vs.time.kkv.connector.MainForm$22.run(MainForm.java:1082)
	at java.awt.event.InvocationEvent.dispatch(InvocationEvent.java:311)
	at java.awt.EventQueue.dispatchEventImpl(EventQueue.java:756)
	at java.awt.EventQueue.access$500(EventQueue.java:97)
	at java.awt.EventQueue$3.run(EventQueue.java:709)
	at java.awt.EventQueue$3.run(EventQueue.java:703)
	at java.security.AccessController.doPrivileged(Native Method)
	at java.security.ProtectionDomain$JavaSecurityAccessImpl.doIntersectionPrivilege(ProtectionDomain.java:76)
	at java.awt.EventQueue.dispatchEvent(EventQueue.java:726)
	at java.awt.EventDispatchThread.pumpOneEventForFilters(EventDispatchThread.java:201)
	at java.awt.EventDispatchThread.pumpEventsForFilter(EventDispatchThread.java:116)
	at java.awt.EventDispatchThread.pumpEventsForHierarchy(EventDispatchThread.java:105)
	at java.awt.EventDispatchThread.pumpEvents(EventDispatchThread.java:101)
	at java.awt.EventDispatchThread.pumpEvents(EventDispatchThread.java:93)
	at java.awt.EventDispatchThread.run(EventDispatchThread.java:82)
[2018-08-13 13:06:14] System update is error java.sql.SQLException: [SQLITE_ERROR] SQL error or missing database (duplicate column name: LAST_LAP)
	at org.sqlite.DB.newSQLException(DB.java:383)
	at org.sqlite.DB.newSQLException(DB.java:387)
	at org.sqlite.DB.throwex(DB.java:374)
	at org.sqlite.NativeDB.prepare(Native Method)
	at org.sqlite.DB.prepare(DB.java:123)
	at org.sqlite.PrepStmt.<init>(PrepStmt.java:42)
	at org.sqlite.Conn.prepareStatement(Conn.java:404)
	at org.sqlite.Conn.prepareStatement(Conn.java:399)
	at org.sqlite.Conn.prepareStatement(Conn.java:383)
	at vs.time.kkv.models.DataBaseStructure.executeAddons(DataBaseStructure.java:140)
	at vs.time.kkv.connector.MainForm.<init>(MainForm.java:335)
	at vs.time.kkv.connector.MainForm$22.run(MainForm.java:1082)
	at java.awt.event.InvocationEvent.dispatch(InvocationEvent.java:311)
	at java.awt.EventQueue.dispatchEventImpl(EventQueue.java:756)
	at java.awt.EventQueue.access$500(EventQueue.java:97)
	at java.awt.EventQueue$3.run(EventQueue.java:709)
	at java.awt.EventQueue$3.run(EventQueue.java:703)
	at java.security.AccessController.doPrivileged(Native Method)
	at java.security.ProtectionDomain$JavaSecurityAccessImpl.doIntersectionPrivilege(ProtectionDomain.java:76)
	at java.awt.EventQueue.dispatchEvent(EventQueue.java:726)
	at java.awt.EventDispatchThread.pumpOneEventForFilters(EventDispatchThread.java:201)
	at java.awt.EventDispatchThread.pumpEventsForFilter(EventDispatchThread.java:116)
	at java.awt.EventDispatchThread.pumpEventsForHierarchy(EventDispatchThread.java:105)
	at java.awt.EventDispatchThread.pumpEvents(EventDispatchThread.java:101)
	at java.awt.EventDispatchThread.pumpEvents(EventDispatchThread.java:93)
	at java.awt.EventDispatchThread.run(EventDispatchThread.java:82)
