[3918-12-28 00:26:58 825] SND<-rfidlock:55
[3918-12-28 00:26:59 171] SND<-rfidlock:55
[3918-12-28 00:26:59 673] SND<-rfidlock:55
[3918-12-28 00:26:59 961] SND<-rfidlock:55
[3918-12-28 00:27:00 240] SND<-searchtrans:1623,97;
[3918-12-28 00:27:00 390] SND<-rfidlock:55
[3918-12-28 00:27:00 392] SND<-searchtrans:1631,97;
[3918-12-28 00:27:00 545] SND<-rfidlock:55
[3918-12-28 00:27:00 547] SND<-searchtrans:1908,97;
[3918-12-28 00:27:00 704] SND<-rfidunlock
[3918-12-28 00:27:00 905] SND<-settime:1545946020905
[3918-12-28 00:27:01 405] SND<-rfidunlock
[3918-12-28 00:27:01 607] SND<-settime:1545946021607
[3918-12-28 00:27:30 984] SND<-rfidunlock
[3918-12-28 00:27:31 186] SND<-settime:1545946051186
[3918-12-28 00:27:31 388] SND<-sendgatecolor:100,0
[3918-12-28 00:27:42 231] SND<-rfidunlock
[3918-12-28 00:27:42 432] SND<-settime:1545946062432
[3918-12-28 00:27:42 635] SND<-sendgatecolor:102,0
[3918-12-28 00:27:52 630] SND<-sendgatecolor:98,0
[3918-12-28 00:28:46 604] SND<-rfidunlock
[3918-12-28 00:28:46 806] SND<-settime:1545946126806
[3918-12-28 00:28:47 006] SND<-sendgatecolor:0,0
[3918-12-28 00:28:47 031] SND<-settime:1545946127030
[3918-12-28 00:28:55 851] SND<-rfidunlock
[3918-12-28 00:28:56 053] SND<-settime:1545946136053
[3918-12-28 00:28:56 253] SND<-sendgatecolor:0,0
[3918-12-28 00:32:18 379] SND<-rfidunlock
[3918-12-28 00:32:18 581] SND<-settime:1545946338581
[3918-12-28 00:32:18 783] SND<-sendgatecolor:4,0
[3918-12-28 00:32:18 789] SND<-settime:1545946338789
[3918-12-28 00:32:26 866] SND<-rfidunlock
[3918-12-28 00:32:27 068] SND<-settime:1545946347068
[3918-12-28 00:32:27 270] SND<-sendgatecolor:6,0
[3918-12-28 00:32:35 842] SND<-sendgatecolor:2,0
[3918-12-28 00:32:48 534] SND<-rfidunlock
[3918-12-28 00:32:48 735] SND<-settime:1545946368735
[3918-12-28 00:32:48 936] SND<-sendgatecolor:6,0
[3918-12-28 00:32:59 784] SND<-sendgatecolor:2,0
[3919-01-29 11:56:20 508] SND<-rfidlock:55
[3919-01-29 11:56:20 786] SND<-rfidlock:55
[3919-01-29 11:56:20 969] SND<-rfidunlock
[3919-01-29 11:56:21 170] SND<-settime:1548752181170
[3919-01-29 11:56:21 673] SND<-rfidunlock
[3919-01-29 11:56:21 876] SND<-settime:1548752181876
[3919-01-29 11:57:01 972] SND<-rfidlock:55
[3919-01-29 11:57:02 398] SND<-rfidunlock
[3919-01-29 11:57:02 599] SND<-settime:1548752222599
[3919-01-29 11:57:03 103] SND<-rfidunlock
[3919-01-29 11:57:03 305] SND<-settime:1548752223305
[3919-01-29 11:57:03 868] SND<-rfidunlock
[3919-01-29 11:57:04 069] SND<-settime:1548752224069
[3919-01-29 11:57:04 570] SND<-rfidunlock
[3919-01-29 11:57:04 773] SND<-settime:1548752224773
[3919-01-29 11:57:05 491] SND<-rfidlock:55
[3919-01-29 11:57:05 980] SND<-rfidlock:55
[3919-01-29 11:57:06 482] SND<-rfidlock:55
[3919-01-29 11:57:06 673] SND<-rfidlock:55
[3919-01-29 11:57:06 812] SND<-searchtrans:1292,102;
[3919-01-29 11:57:06 963] SND<-rfidlock:55
[3919-01-29 11:57:06 964] SND<-searchtrans:1624,102;
[3919-01-29 11:57:07 116] SND<-rfidlock:55
[3919-01-29 11:57:07 116] SND<-searchtrans:1634,102;
[3919-01-29 11:57:07 484] SND<-rfidlock:55
[3919-01-29 11:57:07 534] SND<-rfidlock:55
[3919-01-29 11:57:07 667] SND<-searchtrans:1,98;
[3919-01-29 11:57:07 817] SND<-rfidlock:55
[3919-01-29 11:57:07 817] SND<-searchtrans:1630,98;
[3919-01-29 11:57:07 967] SND<-rfidlock:55
[3919-01-29 11:57:07 967] SND<-searchtrans:1636,98;
[3919-01-29 11:57:08 485] SND<-rfidlock:55
[3919-01-29 11:57:08 535] SND<-rfidlock:55
[3919-01-29 11:57:08 676] SND<-searchtrans:1292,102;
[3919-01-29 11:57:08 826] SND<-rfidlock:55
[3919-01-29 11:57:08 826] SND<-searchtrans:1624,102;
[3919-01-29 11:57:08 977] SND<-rfidlock:55
[3919-01-29 11:57:08 979] SND<-searchtrans:1634,102;
[3919-01-29 11:57:09 488] SND<-rfidlock:55
[3919-01-29 11:57:09 540] SND<-rfidlock:55
[3919-01-29 11:57:09 657] SND<-searchtrans:1,98;
[3919-01-29 11:57:09 807] SND<-rfidlock:55
[3919-01-29 11:57:09 808] SND<-searchtrans:1630,98;
[3919-01-29 11:57:09 959] SND<-rfidlock:55
[3919-01-29 11:57:09 960] SND<-searchtrans:1636,98;
[3919-01-29 11:57:10 491] SND<-rfidlock:55
[3919-01-29 11:57:10 541] SND<-rfidlock:55
[3919-01-29 11:57:10 666] SND<-searchtrans:1292,102;
[3919-01-29 11:57:10 817] SND<-rfidlock:55
[3919-01-29 11:57:10 817] SND<-searchtrans:1624,102;
[3919-01-29 11:57:10 968] SND<-rfidlock:55
[3919-01-29 11:57:10 970] SND<-searchtrans:1634,102;
[3919-01-29 11:57:11 129] SND<-rfidunlock
[3919-01-29 11:57:11 332] SND<-settime:1548752231332
[3919-01-29 11:57:11 835] SND<-rfidunlock
[3919-01-29 11:57:12 036] SND<-settime:1548752232036
[3919-01-29 11:57:58 602] SND<-rfidlock:55
[3919-01-29 11:57:58 987] SND<-rfidlock:55
[3919-01-29 11:57:59 489] SND<-rfidlock:55
[3919-01-29 11:57:59 675] SND<-rfidlock:55
[3919-01-29 11:57:59 812] SND<-searchtrans:1624,102;
[3919-01-29 11:57:59 963] SND<-rfidlock:55
[3919-01-29 11:57:59 963] SND<-searchtrans:1634,102;
[3919-01-29 11:58:00 114] SND<-rfidlock:55
[3919-01-29 11:58:00 114] SND<-searchtrans:1922,102;
[3919-01-29 11:58:00 489] SND<-rfidlock:55
[3919-01-29 11:58:00 543] SND<-rfidlock:55
[3919-01-29 11:58:00 721] SND<-searchtrans:1635,100;
[3919-01-29 11:58:00 871] SND<-rfidlock:55
[3919-01-29 11:58:00 871] SND<-searchtrans:1639,100;
[3919-01-29 11:58:01 023] SND<-rfidlock:55
[3919-01-29 11:58:01 023] SND<-searchtrans:1735,100;
[3919-01-29 11:58:01 492] SND<-rfidlock:55
[3919-01-29 11:58:01 542] SND<-rfidlock:55
[3919-01-29 11:58:01 680] SND<-searchtrans:0,97;
[3919-01-29 11:58:01 831] SND<-rfidlock:55
[3919-01-29 11:58:01 831] SND<-searchtrans:1623,97;
[3919-01-29 11:58:01 983] SND<-rfidlock:55
[3919-01-29 11:58:01 984] SND<-searchtrans:1631,97;
[3919-01-29 11:58:02 494] SND<-rfidlock:55
[3919-01-29 11:58:02 544] SND<-rfidlock:55
[3919-01-29 11:58:02 671] SND<-searchtrans:1624,102;
[3919-01-29 11:58:02 823] SND<-rfidlock:55
[3919-01-29 11:58:02 823] SND<-searchtrans:1634,102;
[3919-01-29 11:58:02 973] SND<-rfidlock:55
[3919-01-29 11:58:02 974] SND<-searchtrans:1922,102;
[3919-01-29 11:58:03 197] SND<-rfidunlock
[3919-01-29 11:58:03 398] SND<-settime:1548752283398
[3919-01-29 11:58:03 902] SND<-rfidunlock
[3919-01-29 11:58:04 104] SND<-settime:1548752284104
[3919-01-29 12:00:56 565] SND<-rfidlock:55
[3919-01-29 12:00:56 875] SND<-rfidlock:55
[3919-01-29 12:00:57 376] SND<-rfidlock:55
[3919-01-29 12:00:57 586] SND<-rfidlock:55
[3919-01-29 12:00:57 727] SND<-searchtrans:1624,102;
[3919-01-29 12:00:57 877] SND<-rfidlock:55
[3919-01-29 12:00:57 877] SND<-searchtrans:1634,102;
[3919-01-29 12:00:58 028] SND<-rfidlock:55
[3919-01-29 12:00:58 028] SND<-searchtrans:1922,102;
[3919-01-29 12:00:58 183] SND<-rfidunlock
[3919-01-29 12:00:58 384] SND<-settime:1548752458384
[3919-01-29 12:00:58 887] SND<-rfidunlock
[3919-01-29 12:00:59 087] SND<-settime:1548752459087
