[2018-07-31 13:11:21] url error:
[2018-07-31 13:11:21] no protocol:  java.net.MalformedURLException: no protocol: 
	at java.net.URL.<init>(URL.java:593)
	at java.net.URL.<init>(URL.java:490)
	at java.net.URL.<init>(URL.java:439)
	at vs.time.kkv.connector.MainlPannels.RegistrationListImport.RegistrationSites.IRegSite.getImageFromWeb(IRegSite.java:84)
	at vs.time.kkv.connector.MainlPannels.RegistrationListImport.RegistrationImportForm.jButOkActionPerformed(RegistrationImportForm.java:384)
	at vs.time.kkv.connector.MainlPannels.RegistrationListImport.RegistrationImportForm.access$200(RegistrationImportForm.java:34)
	at vs.time.kkv.connector.MainlPannels.RegistrationListImport.RegistrationImportForm$4.actionPerformed(RegistrationImportForm.java:181)
	at javax.swing.AbstractButton.fireActionPerformed(AbstractButton.java:2022)
	at javax.swing.AbstractButton$Handler.actionPerformed(AbstractButton.java:2348)
	at javax.swing.DefaultButtonModel.fireActionPerformed(DefaultButtonModel.java:402)
	at javax.swing.DefaultButtonModel.setPressed(DefaultButtonModel.java:259)
	at javax.swing.plaf.basic.BasicButtonListener.mouseReleased(BasicButtonListener.java:252)
	at java.awt.Component.processMouseEvent(Component.java:6535)
	at javax.swing.JComponent.processMouseEvent(JComponent.java:3324)
	at java.awt.Component.processEvent(Component.java:6300)
	at java.awt.Container.processEvent(Container.java:2236)
	at java.awt.Component.dispatchEventImpl(Component.java:4891)
	at java.awt.Container.dispatchEventImpl(Container.java:2294)
	at java.awt.Component.dispatchEvent(Component.java:4713)
	at java.awt.LightweightDispatcher.retargetMouseEvent(Container.java:4888)
	at java.awt.LightweightDispatcher.processMouseEvent(Container.java:4525)
	at java.awt.LightweightDispatcher.dispatchEvent(Container.java:4466)
	at java.awt.Container.dispatchEventImpl(Container.java:2280)
	at java.awt.Window.dispatchEventImpl(Window.java:2750)
	at java.awt.Component.dispatchEvent(Component.java:4713)
	at java.awt.EventQueue.dispatchEventImpl(EventQueue.java:758)
	at java.awt.EventQueue.access$500(EventQueue.java:97)
	at java.awt.EventQueue$3.run(EventQueue.java:709)
	at java.awt.EventQueue$3.run(EventQueue.java:703)
	at java.security.AccessController.doPrivileged(Native Method)
	at java.security.ProtectionDomain$JavaSecurityAccessImpl.doIntersectionPrivilege(ProtectionDomain.java:76)
	at java.security.ProtectionDomain$JavaSecurityAccessImpl.doIntersectionPrivilege(ProtectionDomain.java:86)
	at java.awt.EventQueue$4.run(EventQueue.java:731)
	at java.awt.EventQueue$4.run(EventQueue.java:729)
	at java.security.AccessController.doPrivileged(Native Method)
	at java.security.ProtectionDomain$JavaSecurityAccessImpl.doIntersectionPrivilege(ProtectionDomain.java:76)
	at java.awt.EventQueue.dispatchEvent(EventQueue.java:728)
	at java.awt.EventDispatchThread.pumpOneEventForFilters(EventDispatchThread.java:201)
	at java.awt.EventDispatchThread.pumpEventsForFilter(EventDispatchThread.java:116)
	at java.awt.EventDispatchThread.pumpEventsForHierarchy(EventDispatchThread.java:105)
	at java.awt.EventDispatchThread.pumpEvents(EventDispatchThread.java:101)
	at java.awt.EventDispatchThread.pumpEvents(EventDispatchThread.java:93)
	at java.awt.EventDispatchThread.run(EventDispatchThread.java:82)
[2018-07-31 13:11:21] url error:
[2018-07-31 13:11:21] no protocol:  java.net.MalformedURLException: no protocol: 
	at java.net.URL.<init>(URL.java:593)
	at java.net.URL.<init>(URL.java:490)
	at java.net.URL.<init>(URL.java:439)
	at vs.time.kkv.connector.MainlPannels.RegistrationListImport.RegistrationSites.IRegSite.getImageFromWeb(IRegSite.java:84)
	at vs.time.kkv.connector.MainlPannels.RegistrationListImport.RegistrationImportForm.jButOkActionPerformed(RegistrationImportForm.java:384)
	at vs.time.kkv.connector.MainlPannels.RegistrationListImport.RegistrationImportForm.access$200(RegistrationImportForm.java:34)
	at vs.time.kkv.connector.MainlPannels.RegistrationListImport.RegistrationImportForm$4.actionPerformed(RegistrationImportForm.java:181)
	at javax.swing.AbstractButton.fireActionPerformed(AbstractButton.java:2022)
	at javax.swing.AbstractButton$Handler.actionPerformed(AbstractButton.java:2348)
	at javax.swing.DefaultButtonModel.fireActionPerformed(DefaultButtonModel.java:402)
	at javax.swing.DefaultButtonModel.setPressed(DefaultButtonModel.java:259)
	at javax.swing.plaf.basic.BasicButtonListener.mouseReleased(BasicButtonListener.java:252)
	at java.awt.Component.processMouseEvent(Component.java:6535)
	at javax.swing.JComponent.processMouseEvent(JComponent.java:3324)
	at java.awt.Component.processEvent(Component.java:6300)
	at java.awt.Container.processEvent(Container.java:2236)
	at java.awt.Component.dispatchEventImpl(Component.java:4891)
	at java.awt.Container.dispatchEventImpl(Container.java:2294)
	at java.awt.Component.dispatchEvent(Component.java:4713)
	at java.awt.LightweightDispatcher.retargetMouseEvent(Container.java:4888)
	at java.awt.LightweightDispatcher.processMouseEvent(Container.java:4525)
	at java.awt.LightweightDispatcher.dispatchEvent(Container.java:4466)
	at java.awt.Container.dispatchEventImpl(Container.java:2280)
	at java.awt.Window.dispatchEventImpl(Window.java:2750)
	at java.awt.Component.dispatchEvent(Component.java:4713)
	at java.awt.EventQueue.dispatchEventImpl(EventQueue.java:758)
	at java.awt.EventQueue.access$500(EventQueue.java:97)
	at java.awt.EventQueue$3.run(EventQueue.java:709)
	at java.awt.EventQueue$3.run(EventQueue.java:703)
	at java.security.AccessController.doPrivileged(Native Method)
	at java.security.ProtectionDomain$JavaSecurityAccessImpl.doIntersectionPrivilege(ProtectionDomain.java:76)
	at java.security.ProtectionDomain$JavaSecurityAccessImpl.doIntersectionPrivilege(ProtectionDomain.java:86)
	at java.awt.EventQueue$4.run(EventQueue.java:731)
	at java.awt.EventQueue$4.run(EventQueue.java:729)
	at java.security.AccessController.doPrivileged(Native Method)
	at java.security.ProtectionDomain$JavaSecurityAccessImpl.doIntersectionPrivilege(ProtectionDomain.java:76)
	at java.awt.EventQueue.dispatchEvent(EventQueue.java:728)
	at java.awt.EventDispatchThread.pumpOneEventForFilters(EventDispatchThread.java:201)
	at java.awt.EventDispatchThread.pumpEventsForFilter(EventDispatchThread.java:116)
	at java.awt.EventDispatchThread.pumpEventsForHierarchy(EventDispatchThread.java:105)
	at java.awt.EventDispatchThread.pumpEvents(EventDispatchThread.java:101)
	at java.awt.EventDispatchThread.pumpEvents(EventDispatchThread.java:93)
	at java.awt.EventDispatchThread.run(EventDispatchThread.java:82)
[2018-07-31 13:11:22] url error:
[2018-07-31 13:11:22] no protocol:  java.net.MalformedURLException: no protocol: 
	at java.net.URL.<init>(URL.java:593)
	at java.net.URL.<init>(URL.java:490)
	at java.net.URL.<init>(URL.java:439)
	at vs.time.kkv.connector.MainlPannels.RegistrationListImport.RegistrationSites.IRegSite.getImageFromWeb(IRegSite.java:84)
	at vs.time.kkv.connector.MainlPannels.RegistrationListImport.RegistrationImportForm.jButOkActionPerformed(RegistrationImportForm.java:384)
	at vs.time.kkv.connector.MainlPannels.RegistrationListImport.RegistrationImportForm.access$200(RegistrationImportForm.java:34)
	at vs.time.kkv.connector.MainlPannels.RegistrationListImport.RegistrationImportForm$4.actionPerformed(RegistrationImportForm.java:181)
	at javax.swing.AbstractButton.fireActionPerformed(AbstractButton.java:2022)
	at javax.swing.AbstractButton$Handler.actionPerformed(AbstractButton.java:2348)
	at javax.swing.DefaultButtonModel.fireActionPerformed(DefaultButtonModel.java:402)
	at javax.swing.DefaultButtonModel.setPressed(DefaultButtonModel.java:259)
	at javax.swing.plaf.basic.BasicButtonListener.mouseReleased(BasicButtonListener.java:252)
	at java.awt.Component.processMouseEvent(Component.java:6535)
	at javax.swing.JComponent.processMouseEvent(JComponent.java:3324)
	at java.awt.Component.processEvent(Component.java:6300)
	at java.awt.Container.processEvent(Container.java:2236)
	at java.awt.Component.dispatchEventImpl(Component.java:4891)
	at java.awt.Container.dispatchEventImpl(Container.java:2294)
	at java.awt.Component.dispatchEvent(Component.java:4713)
	at java.awt.LightweightDispatcher.retargetMouseEvent(Container.java:4888)
	at java.awt.LightweightDispatcher.processMouseEvent(Container.java:4525)
	at java.awt.LightweightDispatcher.dispatchEvent(Container.java:4466)
	at java.awt.Container.dispatchEventImpl(Container.java:2280)
	at java.awt.Window.dispatchEventImpl(Window.java:2750)
	at java.awt.Component.dispatchEvent(Component.java:4713)
	at java.awt.EventQueue.dispatchEventImpl(EventQueue.java:758)
	at java.awt.EventQueue.access$500(EventQueue.java:97)
	at java.awt.EventQueue$3.run(EventQueue.java:709)
	at java.awt.EventQueue$3.run(EventQueue.java:703)
	at java.security.AccessController.doPrivileged(Native Method)
	at java.security.ProtectionDomain$JavaSecurityAccessImpl.doIntersectionPrivilege(ProtectionDomain.java:76)
	at java.security.ProtectionDomain$JavaSecurityAccessImpl.doIntersectionPrivilege(ProtectionDomain.java:86)
	at java.awt.EventQueue$4.run(EventQueue.java:731)
	at java.awt.EventQueue$4.run(EventQueue.java:729)
	at java.security.AccessController.doPrivileged(Native Method)
	at java.security.ProtectionDomain$JavaSecurityAccessImpl.doIntersectionPrivilege(ProtectionDomain.java:76)
	at java.awt.EventQueue.dispatchEvent(EventQueue.java:728)
	at java.awt.EventDispatchThread.pumpOneEventForFilters(EventDispatchThread.java:201)
	at java.awt.EventDispatchThread.pumpEventsForFilter(EventDispatchThread.java:116)
	at java.awt.EventDispatchThread.pumpEventsForHierarchy(EventDispatchThread.java:105)
	at java.awt.EventDispatchThread.pumpEvents(EventDispatchThread.java:101)
	at java.awt.EventDispatchThread.pumpEvents(EventDispatchThread.java:93)
	at java.awt.EventDispatchThread.run(EventDispatchThread.java:82)
[2018-07-31 13:11:22] url error:
[2018-07-31 13:11:22] no protocol:  java.net.MalformedURLException: no protocol: 
	at java.net.URL.<init>(URL.java:593)
	at java.net.URL.<init>(URL.java:490)
	at java.net.URL.<init>(URL.java:439)
	at vs.time.kkv.connector.MainlPannels.RegistrationListImport.RegistrationSites.IRegSite.getImageFromWeb(IRegSite.java:84)
	at vs.time.kkv.connector.MainlPannels.RegistrationListImport.RegistrationImportForm.jButOkActionPerformed(RegistrationImportForm.java:384)
	at vs.time.kkv.connector.MainlPannels.RegistrationListImport.RegistrationImportForm.access$200(RegistrationImportForm.java:34)
	at vs.time.kkv.connector.MainlPannels.RegistrationListImport.RegistrationImportForm$4.actionPerformed(RegistrationImportForm.java:181)
	at javax.swing.AbstractButton.fireActionPerformed(AbstractButton.java:2022)
	at javax.swing.AbstractButton$Handler.actionPerformed(AbstractButton.java:2348)
	at javax.swing.DefaultButtonModel.fireActionPerformed(DefaultButtonModel.java:402)
	at javax.swing.DefaultButtonModel.setPressed(DefaultButtonModel.java:259)
	at javax.swing.plaf.basic.BasicButtonListener.mouseReleased(BasicButtonListener.java:252)
	at java.awt.Component.processMouseEvent(Component.java:6535)
	at javax.swing.JComponent.processMouseEvent(JComponent.java:3324)
	at java.awt.Component.processEvent(Component.java:6300)
	at java.awt.Container.processEvent(Container.java:2236)
	at java.awt.Component.dispatchEventImpl(Component.java:4891)
	at java.awt.Container.dispatchEventImpl(Container.java:2294)
	at java.awt.Component.dispatchEvent(Component.java:4713)
	at java.awt.LightweightDispatcher.retargetMouseEvent(Container.java:4888)
	at java.awt.LightweightDispatcher.processMouseEvent(Container.java:4525)
	at java.awt.LightweightDispatcher.dispatchEvent(Container.java:4466)
	at java.awt.Container.dispatchEventImpl(Container.java:2280)
	at java.awt.Window.dispatchEventImpl(Window.java:2750)
	at java.awt.Component.dispatchEvent(Component.java:4713)
	at java.awt.EventQueue.dispatchEventImpl(EventQueue.java:758)
	at java.awt.EventQueue.access$500(EventQueue.java:97)
	at java.awt.EventQueue$3.run(EventQueue.java:709)
	at java.awt.EventQueue$3.run(EventQueue.java:703)
	at java.security.AccessController.doPrivileged(Native Method)
	at java.security.ProtectionDomain$JavaSecurityAccessImpl.doIntersectionPrivilege(ProtectionDomain.java:76)
	at java.security.ProtectionDomain$JavaSecurityAccessImpl.doIntersectionPrivilege(ProtectionDomain.java:86)
	at java.awt.EventQueue$4.run(EventQueue.java:731)
	at java.awt.EventQueue$4.run(EventQueue.java:729)
	at java.security.AccessController.doPrivileged(Native Method)
	at java.security.ProtectionDomain$JavaSecurityAccessImpl.doIntersectionPrivilege(ProtectionDomain.java:76)
	at java.awt.EventQueue.dispatchEvent(EventQueue.java:728)
	at java.awt.EventDispatchThread.pumpOneEventForFilters(EventDispatchThread.java:201)
	at java.awt.EventDispatchThread.pumpEventsForFilter(EventDispatchThread.java:116)
	at java.awt.EventDispatchThread.pumpEventsForHierarchy(EventDispatchThread.java:105)
	at java.awt.EventDispatchThread.pumpEvents(EventDispatchThread.java:101)
	at java.awt.EventDispatchThread.pumpEvents(EventDispatchThread.java:93)
	at java.awt.EventDispatchThread.run(EventDispatchThread.java:82)
[2018-07-31 13:11:22] url error:
[2018-07-31 13:11:22] no protocol:  java.net.MalformedURLException: no protocol: 
	at java.net.URL.<init>(URL.java:593)
	at java.net.URL.<init>(URL.java:490)
	at java.net.URL.<init>(URL.java:439)
	at vs.time.kkv.connector.MainlPannels.RegistrationListImport.RegistrationSites.IRegSite.getImageFromWeb(IRegSite.java:84)
	at vs.time.kkv.connector.MainlPannels.RegistrationListImport.RegistrationImportForm.jButOkActionPerformed(RegistrationImportForm.java:384)
	at vs.time.kkv.connector.MainlPannels.RegistrationListImport.RegistrationImportForm.access$200(RegistrationImportForm.java:34)
	at vs.time.kkv.connector.MainlPannels.RegistrationListImport.RegistrationImportForm$4.actionPerformed(RegistrationImportForm.java:181)
	at javax.swing.AbstractButton.fireActionPerformed(AbstractButton.java:2022)
	at javax.swing.AbstractButton$Handler.actionPerformed(AbstractButton.java:2348)
	at javax.swing.DefaultButtonModel.fireActionPerformed(DefaultButtonModel.java:402)
	at javax.swing.DefaultButtonModel.setPressed(DefaultButtonModel.java:259)
	at javax.swing.plaf.basic.BasicButtonListener.mouseReleased(BasicButtonListener.java:252)
	at java.awt.Component.processMouseEvent(Component.java:6535)
	at javax.swing.JComponent.processMouseEvent(JComponent.java:3324)
	at java.awt.Component.processEvent(Component.java:6300)
	at java.awt.Container.processEvent(Container.java:2236)
	at java.awt.Component.dispatchEventImpl(Component.java:4891)
	at java.awt.Container.dispatchEventImpl(Container.java:2294)
	at java.awt.Component.dispatchEvent(Component.java:4713)
	at java.awt.LightweightDispatcher.retargetMouseEvent(Container.java:4888)
	at java.awt.LightweightDispatcher.processMouseEvent(Container.java:4525)
	at java.awt.LightweightDispatcher.dispatchEvent(Container.java:4466)
	at java.awt.Container.dispatchEventImpl(Container.java:2280)
	at java.awt.Window.dispatchEventImpl(Window.java:2750)
	at java.awt.Component.dispatchEvent(Component.java:4713)
	at java.awt.EventQueue.dispatchEventImpl(EventQueue.java:758)
	at java.awt.EventQueue.access$500(EventQueue.java:97)
	at java.awt.EventQueue$3.run(EventQueue.java:709)
	at java.awt.EventQueue$3.run(EventQueue.java:703)
	at java.security.AccessController.doPrivileged(Native Method)
	at java.security.ProtectionDomain$JavaSecurityAccessImpl.doIntersectionPrivilege(ProtectionDomain.java:76)
	at java.security.ProtectionDomain$JavaSecurityAccessImpl.doIntersectionPrivilege(ProtectionDomain.java:86)
	at java.awt.EventQueue$4.run(EventQueue.java:731)
	at java.awt.EventQueue$4.run(EventQueue.java:729)
	at java.security.AccessController.doPrivileged(Native Method)
	at java.security.ProtectionDomain$JavaSecurityAccessImpl.doIntersectionPrivilege(ProtectionDomain.java:76)
	at java.awt.EventQueue.dispatchEvent(EventQueue.java:728)
	at java.awt.EventDispatchThread.pumpOneEventForFilters(EventDispatchThread.java:201)
	at java.awt.EventDispatchThread.pumpEventsForFilter(EventDispatchThread.java:116)
	at java.awt.EventDispatchThread.pumpEventsForHierarchy(EventDispatchThread.java:105)
	at java.awt.EventDispatchThread.pumpEvents(EventDispatchThread.java:101)
	at java.awt.EventDispatchThread.pumpEvents(EventDispatchThread.java:93)
	at java.awt.EventDispatchThread.run(EventDispatchThread.java:82)
[2018-07-31 13:11:23] url error:
[2018-07-31 13:11:23] no protocol:  java.net.MalformedURLException: no protocol: 
	at java.net.URL.<init>(URL.java:593)
	at java.net.URL.<init>(URL.java:490)
	at java.net.URL.<init>(URL.java:439)
	at vs.time.kkv.connector.MainlPannels.RegistrationListImport.RegistrationSites.IRegSite.getImageFromWeb(IRegSite.java:84)
	at vs.time.kkv.connector.MainlPannels.RegistrationListImport.RegistrationImportForm.jButOkActionPerformed(RegistrationImportForm.java:384)
	at vs.time.kkv.connector.MainlPannels.RegistrationListImport.RegistrationImportForm.access$200(RegistrationImportForm.java:34)
	at vs.time.kkv.connector.MainlPannels.RegistrationListImport.RegistrationImportForm$4.actionPerformed(RegistrationImportForm.java:181)
	at javax.swing.AbstractButton.fireActionPerformed(AbstractButton.java:2022)
	at javax.swing.AbstractButton$Handler.actionPerformed(AbstractButton.java:2348)
	at javax.swing.DefaultButtonModel.fireActionPerformed(DefaultButtonModel.java:402)
	at javax.swing.DefaultButtonModel.setPressed(DefaultButtonModel.java:259)
	at javax.swing.plaf.basic.BasicButtonListener.mouseReleased(BasicButtonListener.java:252)
	at java.awt.Component.processMouseEvent(Component.java:6535)
	at javax.swing.JComponent.processMouseEvent(JComponent.java:3324)
	at java.awt.Component.processEvent(Component.java:6300)
	at java.awt.Container.processEvent(Container.java:2236)
	at java.awt.Component.dispatchEventImpl(Component.java:4891)
	at java.awt.Container.dispatchEventImpl(Container.java:2294)
	at java.awt.Component.dispatchEvent(Component.java:4713)
	at java.awt.LightweightDispatcher.retargetMouseEvent(Container.java:4888)
	at java.awt.LightweightDispatcher.processMouseEvent(Container.java:4525)
	at java.awt.LightweightDispatcher.dispatchEvent(Container.java:4466)
	at java.awt.Container.dispatchEventImpl(Container.java:2280)
	at java.awt.Window.dispatchEventImpl(Window.java:2750)
	at java.awt.Component.dispatchEvent(Component.java:4713)
	at java.awt.EventQueue.dispatchEventImpl(EventQueue.java:758)
	at java.awt.EventQueue.access$500(EventQueue.java:97)
	at java.awt.EventQueue$3.run(EventQueue.java:709)
	at java.awt.EventQueue$3.run(EventQueue.java:703)
	at java.security.AccessController.doPrivileged(Native Method)
	at java.security.ProtectionDomain$JavaSecurityAccessImpl.doIntersectionPrivilege(ProtectionDomain.java:76)
	at java.security.ProtectionDomain$JavaSecurityAccessImpl.doIntersectionPrivilege(ProtectionDomain.java:86)
	at java.awt.EventQueue$4.run(EventQueue.java:731)
	at java.awt.EventQueue$4.run(EventQueue.java:729)
	at java.security.AccessController.doPrivileged(Native Method)
	at java.security.ProtectionDomain$JavaSecurityAccessImpl.doIntersectionPrivilege(ProtectionDomain.java:76)
	at java.awt.EventQueue.dispatchEvent(EventQueue.java:728)
	at java.awt.EventDispatchThread.pumpOneEventForFilters(EventDispatchThread.java:201)
	at java.awt.EventDispatchThread.pumpEventsForFilter(EventDispatchThread.java:116)
	at java.awt.EventDispatchThread.pumpEventsForHierarchy(EventDispatchThread.java:105)
	at java.awt.EventDispatchThread.pumpEvents(EventDispatchThread.java:101)
	at java.awt.EventDispatchThread.pumpEvents(EventDispatchThread.java:93)
	at java.awt.EventDispatchThread.run(EventDispatchThread.java:82)
[2018-07-31 13:11:23] url error:
[2018-07-31 13:11:23] no protocol:  java.net.MalformedURLException: no protocol: 
	at java.net.URL.<init>(URL.java:593)
	at java.net.URL.<init>(URL.java:490)
	at java.net.URL.<init>(URL.java:439)
	at vs.time.kkv.connector.MainlPannels.RegistrationListImport.RegistrationSites.IRegSite.getImageFromWeb(IRegSite.java:84)
	at vs.time.kkv.connector.MainlPannels.RegistrationListImport.RegistrationImportForm.jButOkActionPerformed(RegistrationImportForm.java:384)
	at vs.time.kkv.connector.MainlPannels.RegistrationListImport.RegistrationImportForm.access$200(RegistrationImportForm.java:34)
	at vs.time.kkv.connector.MainlPannels.RegistrationListImport.RegistrationImportForm$4.actionPerformed(RegistrationImportForm.java:181)
	at javax.swing.AbstractButton.fireActionPerformed(AbstractButton.java:2022)
	at javax.swing.AbstractButton$Handler.actionPerformed(AbstractButton.java:2348)
	at javax.swing.DefaultButtonModel.fireActionPerformed(DefaultButtonModel.java:402)
	at javax.swing.DefaultButtonModel.setPressed(DefaultButtonModel.java:259)
	at javax.swing.plaf.basic.BasicButtonListener.mouseReleased(BasicButtonListener.java:252)
	at java.awt.Component.processMouseEvent(Component.java:6535)
	at javax.swing.JComponent.processMouseEvent(JComponent.java:3324)
	at java.awt.Component.processEvent(Component.java:6300)
	at java.awt.Container.processEvent(Container.java:2236)
	at java.awt.Component.dispatchEventImpl(Component.java:4891)
	at java.awt.Container.dispatchEventImpl(Container.java:2294)
	at java.awt.Component.dispatchEvent(Component.java:4713)
	at java.awt.LightweightDispatcher.retargetMouseEvent(Container.java:4888)
	at java.awt.LightweightDispatcher.processMouseEvent(Container.java:4525)
	at java.awt.LightweightDispatcher.dispatchEvent(Container.java:4466)
	at java.awt.Container.dispatchEventImpl(Container.java:2280)
	at java.awt.Window.dispatchEventImpl(Window.java:2750)
	at java.awt.Component.dispatchEvent(Component.java:4713)
	at java.awt.EventQueue.dispatchEventImpl(EventQueue.java:758)
	at java.awt.EventQueue.access$500(EventQueue.java:97)
	at java.awt.EventQueue$3.run(EventQueue.java:709)
	at java.awt.EventQueue$3.run(EventQueue.java:703)
	at java.security.AccessController.doPrivileged(Native Method)
	at java.security.ProtectionDomain$JavaSecurityAccessImpl.doIntersectionPrivilege(ProtectionDomain.java:76)
	at java.security.ProtectionDomain$JavaSecurityAccessImpl.doIntersectionPrivilege(ProtectionDomain.java:86)
	at java.awt.EventQueue$4.run(EventQueue.java:731)
	at java.awt.EventQueue$4.run(EventQueue.java:729)
	at java.security.AccessController.doPrivileged(Native Method)
	at java.security.ProtectionDomain$JavaSecurityAccessImpl.doIntersectionPrivilege(ProtectionDomain.java:76)
	at java.awt.EventQueue.dispatchEvent(EventQueue.java:728)
	at java.awt.EventDispatchThread.pumpOneEventForFilters(EventDispatchThread.java:201)
	at java.awt.EventDispatchThread.pumpEventsForFilter(EventDispatchThread.java:116)
	at java.awt.EventDispatchThread.pumpEventsForHierarchy(EventDispatchThread.java:105)
	at java.awt.EventDispatchThread.pumpEvents(EventDispatchThread.java:101)
	at java.awt.EventDispatchThread.pumpEvents(EventDispatchThread.java:93)
	at java.awt.EventDispatchThread.run(EventDispatchThread.java:82)
[2018-07-31 14:17:22] Connection refused: connect java.net.ConnectException: Connection refused: connect
	at java.net.DualStackPlainSocketImpl.connect0(Native Method)
	at java.net.DualStackPlainSocketImpl.socketConnect(DualStackPlainSocketImpl.java:79)
	at java.net.AbstractPlainSocketImpl.doConnect(AbstractPlainSocketImpl.java:350)
	at java.net.AbstractPlainSocketImpl.connectToAddress(AbstractPlainSocketImpl.java:206)
	at java.net.AbstractPlainSocketImpl.connect(AbstractPlainSocketImpl.java:188)
	at java.net.PlainSocketImpl.connect(PlainSocketImpl.java:172)
	at java.net.SocksSocketImpl.connect(SocksSocketImpl.java:392)
	at java.net.Socket.connect(Socket.java:589)
	at java.net.Socket.connect(Socket.java:538)
	at sun.net.NetworkClient.doConnect(NetworkClient.java:180)
	at sun.net.www.http.HttpClient.openServer(HttpClient.java:432)
	at sun.net.www.http.HttpClient.openServer(HttpClient.java:527)
	at sun.net.www.http.HttpClient.<init>(HttpClient.java:211)
	at sun.net.www.http.HttpClient.New(HttpClient.java:308)
	at sun.net.www.http.HttpClient.New(HttpClient.java:326)
	at sun.net.www.protocol.http.HttpURLConnection.getNewHttpClient(HttpURLConnection.java:1169)
	at sun.net.www.protocol.http.HttpURLConnection.plainConnect0(HttpURLConnection.java:1105)
	at sun.net.www.protocol.http.HttpURLConnection.plainConnect(HttpURLConnection.java:999)
	at sun.net.www.protocol.http.HttpURLConnection.connect(HttpURLConnection.java:933)
	at sun.net.www.protocol.http.HttpURLConnection.getInputStream0(HttpURLConnection.java:1513)
	at sun.net.www.protocol.http.HttpURLConnection.getInputStream(HttpURLConnection.java:1441)
	at vs.time.kkv.connector.MainlPannels.RegistrationListImport.RegistrationSites.IRegSite.refreshJSON(IRegSite.java:130)
	at vs.time.kkv.connector.MainlPannels.RegistrationListImport.RegistrationSites.FPVSport.load(FPVSport.java:69)
	at vs.time.kkv.connector.MainlPannels.RegistrationListImport.RegistrationImportForm.siteSelected(RegistrationImportForm.java:475)
	at vs.time.kkv.connector.MainlPannels.RegistrationListImport.RegistrationImportForm$1.itemStateChanged(RegistrationImportForm.java:77)
	at javax.swing.JComboBox.fireItemStateChanged(JComboBox.java:1223)
	at javax.swing.JComboBox.selectedItemChanged(JComboBox.java:1271)
	at javax.swing.JComboBox.contentsChanged(JComboBox.java:1330)
	at javax.swing.AbstractListModel.fireContentsChanged(AbstractListModel.java:118)
	at javax.swing.DefaultComboBoxModel.setSelectedItem(DefaultComboBoxModel.java:93)
	at javax.swing.JComboBox.setSelectedItem(JComboBox.java:576)
	at vs.time.kkv.connector.MainlPannels.RegistrationListImport.RegistrationImportForm.prepare(RegistrationImportForm.java:106)
	at vs.time.kkv.connector.MainlPannels.RegistrationListImport.RegistrationImportForm.init(RegistrationImportForm.java:94)
	at vs.time.kkv.connector.MainlPannels.RegistrationTab.butImportActionPerformed(RegistrationTab.java:391)
	at vs.time.kkv.connector.MainlPannels.RegistrationTab.access$600(RegistrationTab.java:49)
	at vs.time.kkv.connector.MainlPannels.RegistrationTab$11.actionPerformed(RegistrationTab.java:260)
	at javax.swing.AbstractButton.fireActionPerformed(AbstractButton.java:2022)
	at javax.swing.AbstractButton$Handler.actionPerformed(AbstractButton.java:2348)
	at javax.swing.DefaultButtonModel.fireActionPerformed(DefaultButtonModel.java:402)
	at javax.swing.DefaultButtonModel.setPressed(DefaultButtonModel.java:259)
	at javax.swing.plaf.basic.BasicButtonListener.mouseReleased(BasicButtonListener.java:252)
	at java.awt.AWTEventMulticaster.mouseReleased(AWTEventMulticaster.java:289)
	at java.awt.Component.processMouseEvent(Component.java:6535)
	at javax.swing.JComponent.processMouseEvent(JComponent.java:3324)
	at java.awt.Component.processEvent(Component.java:6300)
	at java.awt.Container.processEvent(Container.java:2236)
	at java.awt.Component.dispatchEventImpl(Component.java:4891)
	at java.awt.Container.dispatchEventImpl(Container.java:2294)
	at java.awt.Component.dispatchEvent(Component.java:4713)
	at java.awt.LightweightDispatcher.retargetMouseEvent(Container.java:4888)
	at java.awt.LightweightDispatcher.processMouseEvent(Container.java:4525)
	at java.awt.LightweightDispatcher.dispatchEvent(Container.java:4466)
	at java.awt.Container.dispatchEventImpl(Container.java:2280)
	at java.awt.Window.dispatchEventImpl(Window.java:2750)
	at java.awt.Component.dispatchEvent(Component.java:4713)
	at java.awt.EventQueue.dispatchEventImpl(EventQueue.java:758)
	at java.awt.EventQueue.access$500(EventQueue.java:97)
	at java.awt.EventQueue$3.run(EventQueue.java:709)
	at java.awt.EventQueue$3.run(EventQueue.java:703)
	at java.security.AccessController.doPrivileged(Native Method)
	at java.security.ProtectionDomain$JavaSecurityAccessImpl.doIntersectionPrivilege(ProtectionDomain.java:76)
	at java.security.ProtectionDomain$JavaSecurityAccessImpl.doIntersectionPrivilege(ProtectionDomain.java:86)
	at java.awt.EventQueue$4.run(EventQueue.java:731)
	at java.awt.EventQueue$4.run(EventQueue.java:729)
	at java.security.AccessController.doPrivileged(Native Method)
	at java.security.ProtectionDomain$JavaSecurityAccessImpl.doIntersectionPrivilege(ProtectionDomain.java:76)
	at java.awt.EventQueue.dispatchEvent(EventQueue.java:728)
	at java.awt.EventDispatchThread.pumpOneEventForFilters(EventDispatchThread.java:201)
	at java.awt.EventDispatchThread.pumpEventsForFilter(EventDispatchThread.java:116)
	at java.awt.EventDispatchThread.pumpEventsForHierarchy(EventDispatchThread.java:105)
	at java.awt.EventDispatchThread.pumpEvents(EventDispatchThread.java:101)
	at java.awt.EventDispatchThread.pumpEvents(EventDispatchThread.java:93)
	at java.awt.EventDispatchThread.run(EventDispatchThread.java:82)
[2018-07-31 14:17:23] Connection refused: connect java.net.ConnectException: Connection refused: connect
	at java.net.DualStackPlainSocketImpl.connect0(Native Method)
	at java.net.DualStackPlainSocketImpl.socketConnect(DualStackPlainSocketImpl.java:79)
	at java.net.AbstractPlainSocketImpl.doConnect(AbstractPlainSocketImpl.java:350)
	at java.net.AbstractPlainSocketImpl.connectToAddress(AbstractPlainSocketImpl.java:206)
	at java.net.AbstractPlainSocketImpl.connect(AbstractPlainSocketImpl.java:188)
	at java.net.PlainSocketImpl.connect(PlainSocketImpl.java:172)
	at java.net.SocksSocketImpl.connect(SocksSocketImpl.java:392)
	at java.net.Socket.connect(Socket.java:589)
	at java.net.Socket.connect(Socket.java:538)
	at sun.net.NetworkClient.doConnect(NetworkClient.java:180)
	at sun.net.www.http.HttpClient.openServer(HttpClient.java:432)
	at sun.net.www.http.HttpClient.openServer(HttpClient.java:527)
	at sun.net.www.http.HttpClient.<init>(HttpClient.java:211)
	at sun.net.www.http.HttpClient.New(HttpClient.java:308)
	at sun.net.www.http.HttpClient.New(HttpClient.java:326)
	at sun.net.www.protocol.http.HttpURLConnection.getNewHttpClient(HttpURLConnection.java:1169)
	at sun.net.www.protocol.http.HttpURLConnection.plainConnect0(HttpURLConnection.java:1105)
	at sun.net.www.protocol.http.HttpURLConnection.plainConnect(HttpURLConnection.java:999)
	at sun.net.www.protocol.http.HttpURLConnection.connect(HttpURLConnection.java:933)
	at sun.net.www.protocol.http.HttpURLConnection.getInputStream0(HttpURLConnection.java:1513)
	at sun.net.www.protocol.http.HttpURLConnection.getInputStream(HttpURLConnection.java:1441)
	at vs.time.kkv.connector.MainlPannels.RegistrationListImport.RegistrationSites.IRegSite.refreshJSON(IRegSite.java:130)
	at vs.time.kkv.connector.MainlPannels.RegistrationListImport.RegistrationSites.FPVSport.load(FPVSport.java:69)
	at vs.time.kkv.connector.MainlPannels.RegistrationListImport.RegistrationImportForm.siteSelected(RegistrationImportForm.java:475)
	at vs.time.kkv.connector.MainlPannels.RegistrationListImport.RegistrationImportForm$1.itemStateChanged(RegistrationImportForm.java:77)
	at javax.swing.JComboBox.fireItemStateChanged(JComboBox.java:1223)
	at javax.swing.JComboBox.selectedItemChanged(JComboBox.java:1280)
	at javax.swing.JComboBox.contentsChanged(JComboBox.java:1330)
	at javax.swing.AbstractListModel.fireContentsChanged(AbstractListModel.java:118)
	at javax.swing.DefaultComboBoxModel.setSelectedItem(DefaultComboBoxModel.java:93)
	at javax.swing.JComboBox.setSelectedItem(JComboBox.java:576)
	at vs.time.kkv.connector.MainlPannels.RegistrationListImport.RegistrationImportForm.prepare(RegistrationImportForm.java:106)
	at vs.time.kkv.connector.MainlPannels.RegistrationListImport.RegistrationImportForm.init(RegistrationImportForm.java:94)
	at vs.time.kkv.connector.MainlPannels.RegistrationTab.butImportActionPerformed(RegistrationTab.java:391)
	at vs.time.kkv.connector.MainlPannels.RegistrationTab.access$600(RegistrationTab.java:49)
	at vs.time.kkv.connector.MainlPannels.RegistrationTab$11.actionPerformed(RegistrationTab.java:260)
	at javax.swing.AbstractButton.fireActionPerformed(AbstractButton.java:2022)
	at javax.swing.AbstractButton$Handler.actionPerformed(AbstractButton.java:2348)
	at javax.swing.DefaultButtonModel.fireActionPerformed(DefaultButtonModel.java:402)
	at javax.swing.DefaultButtonModel.setPressed(DefaultButtonModel.java:259)
	at javax.swing.plaf.basic.BasicButtonListener.mouseReleased(BasicButtonListener.java:252)
	at java.awt.AWTEventMulticaster.mouseReleased(AWTEventMulticaster.java:289)
	at java.awt.Component.processMouseEvent(Component.java:6535)
	at javax.swing.JComponent.processMouseEvent(JComponent.java:3324)
	at java.awt.Component.processEvent(Component.java:6300)
	at java.awt.Container.processEvent(Container.java:2236)
	at java.awt.Component.dispatchEventImpl(Component.java:4891)
	at java.awt.Container.dispatchEventImpl(Container.java:2294)
	at java.awt.Component.dispatchEvent(Component.java:4713)
	at java.awt.LightweightDispatcher.retargetMouseEvent(Container.java:4888)
	at java.awt.LightweightDispatcher.processMouseEvent(Container.java:4525)
	at java.awt.LightweightDispatcher.dispatchEvent(Container.java:4466)
	at java.awt.Container.dispatchEventImpl(Container.java:2280)
	at java.awt.Window.dispatchEventImpl(Window.java:2750)
	at java.awt.Component.dispatchEvent(Component.java:4713)
	at java.awt.EventQueue.dispatchEventImpl(EventQueue.java:758)
	at java.awt.EventQueue.access$500(EventQueue.java:97)
	at java.awt.EventQueue$3.run(EventQueue.java:709)
	at java.awt.EventQueue$3.run(EventQueue.java:703)
	at java.security.AccessController.doPrivileged(Native Method)
	at java.security.ProtectionDomain$JavaSecurityAccessImpl.doIntersectionPrivilege(ProtectionDomain.java:76)
	at java.security.ProtectionDomain$JavaSecurityAccessImpl.doIntersectionPrivilege(ProtectionDomain.java:86)
	at java.awt.EventQueue$4.run(EventQueue.java:731)
	at java.awt.EventQueue$4.run(EventQueue.java:729)
	at java.security.AccessController.doPrivileged(Native Method)
	at java.security.ProtectionDomain$JavaSecurityAccessImpl.doIntersectionPrivilege(ProtectionDomain.java:76)
	at java.awt.EventQueue.dispatchEvent(EventQueue.java:728)
	at java.awt.EventDispatchThread.pumpOneEventForFilters(EventDispatchThread.java:201)
	at java.awt.EventDispatchThread.pumpEventsForFilter(EventDispatchThread.java:116)
	at java.awt.EventDispatchThread.pumpEventsForHierarchy(EventDispatchThread.java:105)
	at java.awt.EventDispatchThread.pumpEvents(EventDispatchThread.java:101)
	at java.awt.EventDispatchThread.pumpEvents(EventDispatchThread.java:93)
	at java.awt.EventDispatchThread.run(EventDispatchThread.java:82)
[2018-07-31 14:17:24] Connection refused: connect java.net.ConnectException: Connection refused: connect
	at java.net.DualStackPlainSocketImpl.connect0(Native Method)
	at java.net.DualStackPlainSocketImpl.socketConnect(DualStackPlainSocketImpl.java:79)
	at java.net.AbstractPlainSocketImpl.doConnect(AbstractPlainSocketImpl.java:350)
	at java.net.AbstractPlainSocketImpl.connectToAddress(AbstractPlainSocketImpl.java:206)
	at java.net.AbstractPlainSocketImpl.connect(AbstractPlainSocketImpl.java:188)
	at java.net.PlainSocketImpl.connect(PlainSocketImpl.java:172)
	at java.net.SocksSocketImpl.connect(SocksSocketImpl.java:392)
	at java.net.Socket.connect(Socket.java:589)
	at java.net.Socket.connect(Socket.java:538)
	at sun.net.NetworkClient.doConnect(NetworkClient.java:180)
	at sun.net.www.http.HttpClient.openServer(HttpClient.java:432)
	at sun.net.www.http.HttpClient.openServer(HttpClient.java:527)
	at sun.net.www.http.HttpClient.<init>(HttpClient.java:211)
	at sun.net.www.http.HttpClient.New(HttpClient.java:308)
	at sun.net.www.http.HttpClient.New(HttpClient.java:326)
	at sun.net.www.protocol.http.HttpURLConnection.getNewHttpClient(HttpURLConnection.java:1169)
	at sun.net.www.protocol.http.HttpURLConnection.plainConnect0(HttpURLConnection.java:1105)
	at sun.net.www.protocol.http.HttpURLConnection.plainConnect(HttpURLConnection.java:999)
	at sun.net.www.protocol.http.HttpURLConnection.connect(HttpURLConnection.java:933)
	at sun.net.www.protocol.http.HttpURLConnection.getInputStream0(HttpURLConnection.java:1513)
	at sun.net.www.protocol.http.HttpURLConnection.getInputStream(HttpURLConnection.java:1441)
	at vs.time.kkv.connector.MainlPannels.RegistrationListImport.RegistrationSites.IRegSite.refreshJSON(IRegSite.java:130)
	at vs.time.kkv.connector.MainlPannels.RegistrationListImport.RegistrationSites.FPVSport.load(FPVSport.java:69)
	at vs.time.kkv.connector.MainlPannels.RegistrationListImport.RegistrationImportForm.siteSelected(RegistrationImportForm.java:475)
	at vs.time.kkv.connector.MainlPannels.RegistrationListImport.RegistrationImportForm.prepare(RegistrationImportForm.java:107)
	at vs.time.kkv.connector.MainlPannels.RegistrationListImport.RegistrationImportForm.init(RegistrationImportForm.java:94)
	at vs.time.kkv.connector.MainlPannels.RegistrationTab.butImportActionPerformed(RegistrationTab.java:391)
	at vs.time.kkv.connector.MainlPannels.RegistrationTab.access$600(RegistrationTab.java:49)
	at vs.time.kkv.connector.MainlPannels.RegistrationTab$11.actionPerformed(RegistrationTab.java:260)
	at javax.swing.AbstractButton.fireActionPerformed(AbstractButton.java:2022)
	at javax.swing.AbstractButton$Handler.actionPerformed(AbstractButton.java:2348)
	at javax.swing.DefaultButtonModel.fireActionPerformed(DefaultButtonModel.java:402)
	at javax.swing.DefaultButtonModel.setPressed(DefaultButtonModel.java:259)
	at javax.swing.plaf.basic.BasicButtonListener.mouseReleased(BasicButtonListener.java:252)
	at java.awt.AWTEventMulticaster.mouseReleased(AWTEventMulticaster.java:289)
	at java.awt.Component.processMouseEvent(Component.java:6535)
	at javax.swing.JComponent.processMouseEvent(JComponent.java:3324)
	at java.awt.Component.processEvent(Component.java:6300)
	at java.awt.Container.processEvent(Container.java:2236)
	at java.awt.Component.dispatchEventImpl(Component.java:4891)
	at java.awt.Container.dispatchEventImpl(Container.java:2294)
	at java.awt.Component.dispatchEvent(Component.java:4713)
	at java.awt.LightweightDispatcher.retargetMouseEvent(Container.java:4888)
	at java.awt.LightweightDispatcher.processMouseEvent(Container.java:4525)
	at java.awt.LightweightDispatcher.dispatchEvent(Container.java:4466)
	at java.awt.Container.dispatchEventImpl(Container.java:2280)
	at java.awt.Window.dispatchEventImpl(Window.java:2750)
	at java.awt.Component.dispatchEvent(Component.java:4713)
	at java.awt.EventQueue.dispatchEventImpl(EventQueue.java:758)
	at java.awt.EventQueue.access$500(EventQueue.java:97)
	at java.awt.EventQueue$3.run(EventQueue.java:709)
	at java.awt.EventQueue$3.run(EventQueue.java:703)
	at java.security.AccessController.doPrivileged(Native Method)
	at java.security.ProtectionDomain$JavaSecurityAccessImpl.doIntersectionPrivilege(ProtectionDomain.java:76)
	at java.security.ProtectionDomain$JavaSecurityAccessImpl.doIntersectionPrivilege(ProtectionDomain.java:86)
	at java.awt.EventQueue$4.run(EventQueue.java:731)
	at java.awt.EventQueue$4.run(EventQueue.java:729)
	at java.security.AccessController.doPrivileged(Native Method)
	at java.security.ProtectionDomain$JavaSecurityAccessImpl.doIntersectionPrivilege(ProtectionDomain.java:76)
	at java.awt.EventQueue.dispatchEvent(EventQueue.java:728)
	at java.awt.EventDispatchThread.pumpOneEventForFilters(EventDispatchThread.java:201)
	at java.awt.EventDispatchThread.pumpEventsForFilter(EventDispatchThread.java:116)
	at java.awt.EventDispatchThread.pumpEventsForHierarchy(EventDispatchThread.java:105)
	at java.awt.EventDispatchThread.pumpEvents(EventDispatchThread.java:101)
	at java.awt.EventDispatchThread.pumpEvents(EventDispatchThread.java:93)
	at java.awt.EventDispatchThread.run(EventDispatchThread.java:82)
[2018-07-31 15:16:15] Sql is error SQL : SELECT VS_STAGE_GROUPS."GID",VS_STAGE_GROUPS."STAGE_ID",VS_STAGE_GROUPS."GROUP_NUM",VS_STAGE_GROUPS."NUM_IN_GROUP",VS_STAGE_GROUPS."REG_ID",VS_STAGE_GROUPS."PILOT",VS_STAGE_GROUPS."TRANSPONDER",VS_STAGE_GROUPS."CHANNEL",VS_STAGE_GROUPS."LAPS",VS_STAGE_GROUPS."BEST_LAP",VS_STAGE_GROUPS."RACE_TIME",VS_STAGE_GROUPS."IS_RECALULATED",VS_STAGE_GROUPS."IS_FINISHED",VS_STAGE_GROUPS."SCORE",VS_STAGE_GROUPS."WIN",VS_STAGE_GROUPS."LOSE",VS_STAGE_GROUPS."ACTIVE_FOR_NEXT_STAGE",VS_STAGE_GROUPS."CHECK_FOR_RACE",VS_STAGE_GROUPS."FIRST_LAP",VS_STAGE_GROUPS."QUAL_TIME",VS_STAGE_GROUPS."QUAL_POS",VS_STAGE_GROUPS."RACE_TIME_FINAL",VS_STAGE_GROUPS."RACE_TIME_HALF_FINAL",VS_STAGE_GROUPS."RACE_TIME_QUART_FINAL",VS_STAGE_GROUPS."GROUP_FINAL",VS_STAGE_GROUPS."GROUP_HALF_FINAL",VS_STAGE_GROUPS."GROUP_QUART_FINAL",VS_STAGE_GROUPS."GROUP_TYPE",VS_STAGE_GROUPS."IS_PANDING" FROM VS_STAGE_GROUPS as VS_STAGE_GROUPS WHERE STAGE_ID=? ORDER BY GROUP_NUM, NUM_IN_GROUP
Error message: 
java.sql.SQLException: [SQLITE_ERROR] SQL error or missing database (no such column: VS_STAGE_GROUPS.IS_PANDING)[2018-07-31 15:16:15] Sql is error SQL : SELECT VS_STAGE_GROUPS."GID",VS_STAGE_GROUPS."STAGE_ID",VS_STAGE_GROUPS."GROUP_NUM",VS_STAGE_GROUPS."NUM_IN_GROUP",VS_STAGE_GROUPS."REG_ID",VS_STAGE_GROUPS."PILOT",VS_STAGE_GROUPS."TRANSPONDER",VS_STAGE_GROUPS."CHANNEL",VS_STAGE_GROUPS."LAPS",VS_STAGE_GROUPS."BEST_LAP",VS_STAGE_GROUPS."RACE_TIME",VS_STAGE_GROUPS."IS_RECALULATED",VS_STAGE_GROUPS."IS_FINISHED",VS_STAGE_GROUPS."SCORE",VS_STAGE_GROUPS."WIN",VS_STAGE_GROUPS."LOSE",VS_STAGE_GROUPS."ACTIVE_FOR_NEXT_STAGE",VS_STAGE_GROUPS."CHECK_FOR_RACE",VS_STAGE_GROUPS."FIRST_LAP",VS_STAGE_GROUPS."QUAL_TIME",VS_STAGE_GROUPS."QUAL_POS",VS_STAGE_GROUPS."RACE_TIME_FINAL",VS_STAGE_GROUPS."RACE_TIME_HALF_FINAL",VS_STAGE_GROUPS."RACE_TIME_QUART_FINAL",VS_STAGE_GROUPS."GROUP_FINAL",VS_STAGE_GROUPS."GROUP_HALF_FINAL",VS_STAGE_GROUPS."GROUP_QUART_FINAL",VS_STAGE_GROUPS."GROUP_TYPE",VS_STAGE_GROUPS."IS_PANDING" FROM VS_STAGE_GROUPS as VS_STAGE_GROUPS WHERE STAGE_ID=? ORDER BY GROUP_NUM, NUM_IN_GROUP
Error message: 
java.sql.SQLException: [SQLITE_ERROR] SQL error or missing database (no such column: VS_STAGE_GROUPS.IS_PANDING)[2018-07-31 15:16:15] Sql is error SQL : SELECT VS_STAGE_GROUPS."GID",VS_STAGE_GROUPS."STAGE_ID",VS_STAGE_GROUPS."GROUP_NUM",VS_STAGE_GROUPS."NUM_IN_GROUP",VS_STAGE_GROUPS."REG_ID",VS_STAGE_GROUPS."PILOT",VS_STAGE_GROUPS."TRANSPONDER",VS_STAGE_GROUPS."CHANNEL",VS_STAGE_GROUPS."LAPS",VS_STAGE_GROUPS."BEST_LAP",VS_STAGE_GROUPS."RACE_TIME",VS_STAGE_GROUPS."IS_RECALULATED",VS_STAGE_GROUPS."IS_FINISHED",VS_STAGE_GROUPS."SCORE",VS_STAGE_GROUPS."WIN",VS_STAGE_GROUPS."LOSE",VS_STAGE_GROUPS."ACTIVE_FOR_NEXT_STAGE",VS_STAGE_GROUPS."CHECK_FOR_RACE",VS_STAGE_GROUPS."FIRST_LAP",VS_STAGE_GROUPS."QUAL_TIME",VS_STAGE_GROUPS."QUAL_POS",VS_STAGE_GROUPS."RACE_TIME_FINAL",VS_STAGE_GROUPS."RACE_TIME_HALF_FINAL",VS_STAGE_GROUPS."RACE_TIME_QUART_FINAL",VS_STAGE_GROUPS."GROUP_FINAL",VS_STAGE_GROUPS."GROUP_HALF_FINAL",VS_STAGE_GROUPS."GROUP_QUART_FINAL",VS_STAGE_GROUPS."GROUP_TYPE",VS_STAGE_GROUPS."IS_PANDING" FROM VS_STAGE_GROUPS as VS_STAGE_GROUPS WHERE STAGE_ID=? ORDER BY GROUP_NUM, NUM_IN_GROUP
Error message: 
java.sql.SQLException: [SQLITE_ERROR] SQL error or missing database (no such column: VS_STAGE_GROUPS.IS_PANDING)[2018-07-31 15:16:15] Sql is error SQL : SELECT VS_STAGE_GROUPS."GID",VS_STAGE_GROUPS."STAGE_ID",VS_STAGE_GROUPS."GROUP_NUM",VS_STAGE_GROUPS."NUM_IN_GROUP",VS_STAGE_GROUPS."REG_ID",VS_STAGE_GROUPS."PILOT",VS_STAGE_GROUPS."TRANSPONDER",VS_STAGE_GROUPS."CHANNEL",VS_STAGE_GROUPS."LAPS",VS_STAGE_GROUPS."BEST_LAP",VS_STAGE_GROUPS."RACE_TIME",VS_STAGE_GROUPS."IS_RECALULATED",VS_STAGE_GROUPS."IS_FINISHED",VS_STAGE_GROUPS."SCORE",VS_STAGE_GROUPS."WIN",VS_STAGE_GROUPS."LOSE",VS_STAGE_GROUPS."ACTIVE_FOR_NEXT_STAGE",VS_STAGE_GROUPS."CHECK_FOR_RACE",VS_STAGE_GROUPS."FIRST_LAP",VS_STAGE_GROUPS."QUAL_TIME",VS_STAGE_GROUPS."QUAL_POS",VS_STAGE_GROUPS."RACE_TIME_FINAL",VS_STAGE_GROUPS."RACE_TIME_HALF_FINAL",VS_STAGE_GROUPS."RACE_TIME_QUART_FINAL",VS_STAGE_GROUPS."GROUP_FINAL",VS_STAGE_GROUPS."GROUP_HALF_FINAL",VS_STAGE_GROUPS."GROUP_QUART_FINAL",VS_STAGE_GROUPS."GROUP_TYPE",VS_STAGE_GROUPS."IS_PANDING" FROM VS_STAGE_GROUPS as VS_STAGE_GROUPS WHERE STAGE_ID=? ORDER BY GROUP_NUM, NUM_IN_GROUP
Error message: 
java.sql.SQLException: [SQLITE_ERROR] SQL error or missing database (no such column: VS_STAGE_GROUPS.IS_PANDING)[2018-07-31 15:16:15] Sql is error SQL : SELECT VS_STAGE_GROUPS."GID",VS_STAGE_GROUPS."STAGE_ID",VS_STAGE_GROUPS."GROUP_NUM",VS_STAGE_GROUPS."NUM_IN_GROUP",VS_STAGE_GROUPS."REG_ID",VS_STAGE_GROUPS."PILOT",VS_STAGE_GROUPS."TRANSPONDER",VS_STAGE_GROUPS."CHANNEL",VS_STAGE_GROUPS."LAPS",VS_STAGE_GROUPS."BEST_LAP",VS_STAGE_GROUPS."RACE_TIME",VS_STAGE_GROUPS."IS_RECALULATED",VS_STAGE_GROUPS."IS_FINISHED",VS_STAGE_GROUPS."SCORE",VS_STAGE_GROUPS."WIN",VS_STAGE_GROUPS."LOSE",VS_STAGE_GROUPS."ACTIVE_FOR_NEXT_STAGE",VS_STAGE_GROUPS."CHECK_FOR_RACE",VS_STAGE_GROUPS."FIRST_LAP",VS_STAGE_GROUPS."QUAL_TIME",VS_STAGE_GROUPS."QUAL_POS",VS_STAGE_GROUPS."RACE_TIME_FINAL",VS_STAGE_GROUPS."RACE_TIME_HALF_FINAL",VS_STAGE_GROUPS."RACE_TIME_QUART_FINAL",VS_STAGE_GROUPS."GROUP_FINAL",VS_STAGE_GROUPS."GROUP_HALF_FINAL",VS_STAGE_GROUPS."GROUP_QUART_FINAL",VS_STAGE_GROUPS."GROUP_TYPE",VS_STAGE_GROUPS."IS_PANDING" FROM VS_STAGE_GROUPS as VS_STAGE_GROUPS WHERE STAGE_ID=? ORDER BY GROUP_NUM, NUM_IN_GROUP
Error message: 
java.sql.SQLException: [SQLITE_ERROR] SQL error or missing database (no such column: VS_STAGE_GROUPS.IS_PANDING)[2018-07-31 15:16:15] Sql is error SQL : SELECT VS_STAGE_GROUPS."GID",VS_STAGE_GROUPS."STAGE_ID",VS_STAGE_GROUPS."GROUP_NUM",VS_STAGE_GROUPS."NUM_IN_GROUP",VS_STAGE_GROUPS."REG_ID",VS_STAGE_GROUPS."PILOT",VS_STAGE_GROUPS."TRANSPONDER",VS_STAGE_GROUPS."CHANNEL",VS_STAGE_GROUPS."LAPS",VS_STAGE_GROUPS."BEST_LAP",VS_STAGE_GROUPS."RACE_TIME",VS_STAGE_GROUPS."IS_RECALULATED",VS_STAGE_GROUPS."IS_FINISHED",VS_STAGE_GROUPS."SCORE",VS_STAGE_GROUPS."WIN",VS_STAGE_GROUPS."LOSE",VS_STAGE_GROUPS."ACTIVE_FOR_NEXT_STAGE",VS_STAGE_GROUPS."CHECK_FOR_RACE",VS_STAGE_GROUPS."FIRST_LAP",VS_STAGE_GROUPS."QUAL_TIME",VS_STAGE_GROUPS."QUAL_POS",VS_STAGE_GROUPS."RACE_TIME_FINAL",VS_STAGE_GROUPS."RACE_TIME_HALF_FINAL",VS_STAGE_GROUPS."RACE_TIME_QUART_FINAL",VS_STAGE_GROUPS."GROUP_FINAL",VS_STAGE_GROUPS."GROUP_HALF_FINAL",VS_STAGE_GROUPS."GROUP_QUART_FINAL",VS_STAGE_GROUPS."GROUP_TYPE",VS_STAGE_GROUPS."IS_PANDING" FROM VS_STAGE_GROUPS as VS_STAGE_GROUPS WHERE STAGE_ID=? ORDER BY GROUP_NUM, NUM_IN_GROUP
Error message: 
java.sql.SQLException: [SQLITE_ERROR] SQL error or missing database (no such column: VS_STAGE_GROUPS.IS_PANDING)[2018-07-31 15:16:15] Sql is error SQL : SELECT VS_STAGE_GROUPS."GID",VS_STAGE_GROUPS."STAGE_ID",VS_STAGE_GROUPS."GROUP_NUM",VS_STAGE_GROUPS."NUM_IN_GROUP",VS_STAGE_GROUPS."REG_ID",VS_STAGE_GROUPS."PILOT",VS_STAGE_GROUPS."TRANSPONDER",VS_STAGE_GROUPS."CHANNEL",VS_STAGE_GROUPS."LAPS",VS_STAGE_GROUPS."BEST_LAP",VS_STAGE_GROUPS."RACE_TIME",VS_STAGE_GROUPS."IS_RECALULATED",VS_STAGE_GROUPS."IS_FINISHED",VS_STAGE_GROUPS."SCORE",VS_STAGE_GROUPS."WIN",VS_STAGE_GROUPS."LOSE",VS_STAGE_GROUPS."ACTIVE_FOR_NEXT_STAGE",VS_STAGE_GROUPS."CHECK_FOR_RACE",VS_STAGE_GROUPS."FIRST_LAP",VS_STAGE_GROUPS."QUAL_TIME",VS_STAGE_GROUPS."QUAL_POS",VS_STAGE_GROUPS."RACE_TIME_FINAL",VS_STAGE_GROUPS."RACE_TIME_HALF_FINAL",VS_STAGE_GROUPS."RACE_TIME_QUART_FINAL",VS_STAGE_GROUPS."GROUP_FINAL",VS_STAGE_GROUPS."GROUP_HALF_FINAL",VS_STAGE_GROUPS."GROUP_QUART_FINAL",VS_STAGE_GROUPS."GROUP_TYPE",VS_STAGE_GROUPS."IS_PANDING" FROM VS_STAGE_GROUPS as VS_STAGE_GROUPS WHERE STAGE_ID=? ORDER BY GROUP_NUM, NUM_IN_GROUP
Error message: 
java.sql.SQLException: [SQLITE_ERROR] SQL error or missing database (no such column: VS_STAGE_GROUPS.IS_PANDING)[2018-07-31 15:16:15] Sql is error SQL : SELECT VS_STAGE_GROUPS."GID",VS_STAGE_GROUPS."STAGE_ID",VS_STAGE_GROUPS."GROUP_NUM",VS_STAGE_GROUPS."NUM_IN_GROUP",VS_STAGE_GROUPS."REG_ID",VS_STAGE_GROUPS."PILOT",VS_STAGE_GROUPS."TRANSPONDER",VS_STAGE_GROUPS."CHANNEL",VS_STAGE_GROUPS."LAPS",VS_STAGE_GROUPS."BEST_LAP",VS_STAGE_GROUPS."RACE_TIME",VS_STAGE_GROUPS."IS_RECALULATED",VS_STAGE_GROUPS."IS_FINISHED",VS_STAGE_GROUPS."SCORE",VS_STAGE_GROUPS."WIN",VS_STAGE_GROUPS."LOSE",VS_STAGE_GROUPS."ACTIVE_FOR_NEXT_STAGE",VS_STAGE_GROUPS."CHECK_FOR_RACE",VS_STAGE_GROUPS."FIRST_LAP",VS_STAGE_GROUPS."QUAL_TIME",VS_STAGE_GROUPS."QUAL_POS",VS_STAGE_GROUPS."RACE_TIME_FINAL",VS_STAGE_GROUPS."RACE_TIME_HALF_FINAL",VS_STAGE_GROUPS."RACE_TIME_QUART_FINAL",VS_STAGE_GROUPS."GROUP_FINAL",VS_STAGE_GROUPS."GROUP_HALF_FINAL",VS_STAGE_GROUPS."GROUP_QUART_FINAL",VS_STAGE_GROUPS."GROUP_TYPE",VS_STAGE_GROUPS."IS_PANDING" FROM VS_STAGE_GROUPS as VS_STAGE_GROUPS WHERE STAGE_ID=? ORDER BY GROUP_NUM, NUM_IN_GROUP
Error message: 
java.sql.SQLException: [SQLITE_ERROR] SQL error or missing database (no such column: VS_STAGE_GROUPS.IS_PANDING)[2018-07-31 15:16:15] Sql is error SQL : SELECT VS_STAGE_GROUPS."GID",VS_STAGE_GROUPS."STAGE_ID",VS_STAGE_GROUPS."GROUP_NUM",VS_STAGE_GROUPS."NUM_IN_GROUP",VS_STAGE_GROUPS."REG_ID",VS_STAGE_GROUPS."PILOT",VS_STAGE_GROUPS."TRANSPONDER",VS_STAGE_GROUPS."CHANNEL",VS_STAGE_GROUPS."LAPS",VS_STAGE_GROUPS."BEST_LAP",VS_STAGE_GROUPS."RACE_TIME",VS_STAGE_GROUPS."IS_RECALULATED",VS_STAGE_GROUPS."IS_FINISHED",VS_STAGE_GROUPS."SCORE",VS_STAGE_GROUPS."WIN",VS_STAGE_GROUPS."LOSE",VS_STAGE_GROUPS."ACTIVE_FOR_NEXT_STAGE",VS_STAGE_GROUPS."CHECK_FOR_RACE",VS_STAGE_GROUPS."FIRST_LAP",VS_STAGE_GROUPS."QUAL_TIME",VS_STAGE_GROUPS."QUAL_POS",VS_STAGE_GROUPS."RACE_TIME_FINAL",VS_STAGE_GROUPS."RACE_TIME_HALF_FINAL",VS_STAGE_GROUPS."RACE_TIME_QUART_FINAL",VS_STAGE_GROUPS."GROUP_FINAL",VS_STAGE_GROUPS."GROUP_HALF_FINAL",VS_STAGE_GROUPS."GROUP_QUART_FINAL",VS_STAGE_GROUPS."GROUP_TYPE",VS_STAGE_GROUPS."IS_PANDING" FROM VS_STAGE_GROUPS as VS_STAGE_GROUPS WHERE STAGE_ID=? ORDER BY GROUP_NUM, NUM_IN_GROUP
Error message: 
java.sql.SQLException: [SQLITE_ERROR] SQL error or missing database (no such column: VS_STAGE_GROUPS.IS_PANDING)[2018-07-31 15:16:15] Sql is error SQL : SELECT VS_STAGE_GROUPS."GID",VS_STAGE_GROUPS."STAGE_ID",VS_STAGE_GROUPS."GROUP_NUM",VS_STAGE_GROUPS."NUM_IN_GROUP",VS_STAGE_GROUPS."REG_ID",VS_STAGE_GROUPS."PILOT",VS_STAGE_GROUPS."TRANSPONDER",VS_STAGE_GROUPS."CHANNEL",VS_STAGE_GROUPS."LAPS",VS_STAGE_GROUPS."BEST_LAP",VS_STAGE_GROUPS."RACE_TIME",VS_STAGE_GROUPS."IS_RECALULATED",VS_STAGE_GROUPS."IS_FINISHED",VS_STAGE_GROUPS."SCORE",VS_STAGE_GROUPS."WIN",VS_STAGE_GROUPS."LOSE",VS_STAGE_GROUPS."ACTIVE_FOR_NEXT_STAGE",VS_STAGE_GROUPS."CHECK_FOR_RACE",VS_STAGE_GROUPS."FIRST_LAP",VS_STAGE_GROUPS."QUAL_TIME",VS_STAGE_GROUPS."QUAL_POS",VS_STAGE_GROUPS."RACE_TIME_FINAL",VS_STAGE_GROUPS."RACE_TIME_HALF_FINAL",VS_STAGE_GROUPS."RACE_TIME_QUART_FINAL",VS_STAGE_GROUPS."GROUP_FINAL",VS_STAGE_GROUPS."GROUP_HALF_FINAL",VS_STAGE_GROUPS."GROUP_QUART_FINAL",VS_STAGE_GROUPS."GROUP_TYPE",VS_STAGE_GROUPS."IS_PANDING" FROM VS_STAGE_GROUPS as VS_STAGE_GROUPS WHERE STAGE_ID=? ORDER BY GROUP_NUM, NUM_IN_GROUP
Error message: 
java.sql.SQLException: [SQLITE_ERROR] SQL error or missing database (no such column: VS_STAGE_GROUPS.IS_PANDING)[2018-07-31 15:16:15] Sql is error SQL : SELECT VS_STAGE_GROUPS."GID",VS_STAGE_GROUPS."STAGE_ID",VS_STAGE_GROUPS."GROUP_NUM",VS_STAGE_GROUPS."NUM_IN_GROUP",VS_STAGE_GROUPS."REG_ID",VS_STAGE_GROUPS."PILOT",VS_STAGE_GROUPS."TRANSPONDER",VS_STAGE_GROUPS."CHANNEL",VS_STAGE_GROUPS."LAPS",VS_STAGE_GROUPS."BEST_LAP",VS_STAGE_GROUPS."RACE_TIME",VS_STAGE_GROUPS."IS_RECALULATED",VS_STAGE_GROUPS."IS_FINISHED",VS_STAGE_GROUPS."SCORE",VS_STAGE_GROUPS."WIN",VS_STAGE_GROUPS."LOSE",VS_STAGE_GROUPS."ACTIVE_FOR_NEXT_STAGE",VS_STAGE_GROUPS."CHECK_FOR_RACE",VS_STAGE_GROUPS."FIRST_LAP",VS_STAGE_GROUPS."QUAL_TIME",VS_STAGE_GROUPS."QUAL_POS",VS_STAGE_GROUPS."RACE_TIME_FINAL",VS_STAGE_GROUPS."RACE_TIME_HALF_FINAL",VS_STAGE_GROUPS."RACE_TIME_QUART_FINAL",VS_STAGE_GROUPS."GROUP_FINAL",VS_STAGE_GROUPS."GROUP_HALF_FINAL",VS_STAGE_GROUPS."GROUP_QUART_FINAL",VS_STAGE_GROUPS."GROUP_TYPE",VS_STAGE_GROUPS."IS_PANDING" FROM VS_STAGE_GROUPS as VS_STAGE_GROUPS WHERE STAGE_ID=? ORDER BY GROUP_NUM, NUM_IN_GROUP
Error message: 
java.sql.SQLException: [SQLITE_ERROR] SQL error or missing database (no such column: VS_STAGE_GROUPS.IS_PANDING)[2018-07-31 15:16:15] Sql is error SQL : SELECT VS_STAGE_GROUPS."GID",VS_STAGE_GROUPS."STAGE_ID",VS_STAGE_GROUPS."GROUP_NUM",VS_STAGE_GROUPS."NUM_IN_GROUP",VS_STAGE_GROUPS."REG_ID",VS_STAGE_GROUPS."PILOT",VS_STAGE_GROUPS."TRANSPONDER",VS_STAGE_GROUPS."CHANNEL",VS_STAGE_GROUPS."LAPS",VS_STAGE_GROUPS."BEST_LAP",VS_STAGE_GROUPS."RACE_TIME",VS_STAGE_GROUPS."IS_RECALULATED",VS_STAGE_GROUPS."IS_FINISHED",VS_STAGE_GROUPS."SCORE",VS_STAGE_GROUPS."WIN",VS_STAGE_GROUPS."LOSE",VS_STAGE_GROUPS."ACTIVE_FOR_NEXT_STAGE",VS_STAGE_GROUPS."CHECK_FOR_RACE",VS_STAGE_GROUPS."FIRST_LAP",VS_STAGE_GROUPS."QUAL_TIME",VS_STAGE_GROUPS."QUAL_POS",VS_STAGE_GROUPS."RACE_TIME_FINAL",VS_STAGE_GROUPS."RACE_TIME_HALF_FINAL",VS_STAGE_GROUPS."RACE_TIME_QUART_FINAL",VS_STAGE_GROUPS."GROUP_FINAL",VS_STAGE_GROUPS."GROUP_HALF_FINAL",VS_STAGE_GROUPS."GROUP_QUART_FINAL",VS_STAGE_GROUPS."GROUP_TYPE",VS_STAGE_GROUPS."IS_PANDING" FROM VS_STAGE_GROUPS as VS_STAGE_GROUPS WHERE STAGE_ID=? ORDER BY GROUP_NUM, NUM_IN_GROUP
Error message: 
java.sql.SQLException: [SQLITE_ERROR] SQL error or missing database (no such column: VS_STAGE_GROUPS.IS_PANDING)[2018-07-31 15:16:15] Sql is error SQL : SELECT VS_STAGE_GROUPS."GID",VS_STAGE_GROUPS."STAGE_ID",VS_STAGE_GROUPS."GROUP_NUM",VS_STAGE_GROUPS."NUM_IN_GROUP",VS_STAGE_GROUPS."REG_ID",VS_STAGE_GROUPS."PILOT",VS_STAGE_GROUPS."TRANSPONDER",VS_STAGE_GROUPS."CHANNEL",VS_STAGE_GROUPS."LAPS",VS_STAGE_GROUPS."BEST_LAP",VS_STAGE_GROUPS."RACE_TIME",VS_STAGE_GROUPS."IS_RECALULATED",VS_STAGE_GROUPS."IS_FINISHED",VS_STAGE_GROUPS."SCORE",VS_STAGE_GROUPS."WIN",VS_STAGE_GROUPS."LOSE",VS_STAGE_GROUPS."ACTIVE_FOR_NEXT_STAGE",VS_STAGE_GROUPS."CHECK_FOR_RACE",VS_STAGE_GROUPS."FIRST_LAP",VS_STAGE_GROUPS."QUAL_TIME",VS_STAGE_GROUPS."QUAL_POS",VS_STAGE_GROUPS."RACE_TIME_FINAL",VS_STAGE_GROUPS."RACE_TIME_HALF_FINAL",VS_STAGE_GROUPS."RACE_TIME_QUART_FINAL",VS_STAGE_GROUPS."GROUP_FINAL",VS_STAGE_GROUPS."GROUP_HALF_FINAL",VS_STAGE_GROUPS."GROUP_QUART_FINAL",VS_STAGE_GROUPS."GROUP_TYPE",VS_STAGE_GROUPS."IS_PANDING" FROM VS_STAGE_GROUPS as VS_STAGE_GROUPS WHERE STAGE_ID=? ORDER BY GROUP_NUM, NUM_IN_GROUP
Error message: 
java.sql.SQLException: [SQLITE_ERROR] SQL error or missing database (no such column: VS_STAGE_GROUPS.IS_PANDING)[2018-07-31 15:16:15] Sql is error SQL : SELECT VS_STAGE_GROUPS."GID",VS_STAGE_GROUPS."STAGE_ID",VS_STAGE_GROUPS."GROUP_NUM",VS_STAGE_GROUPS."NUM_IN_GROUP",VS_STAGE_GROUPS."REG_ID",VS_STAGE_GROUPS."PILOT",VS_STAGE_GROUPS."TRANSPONDER",VS_STAGE_GROUPS."CHANNEL",VS_STAGE_GROUPS."LAPS",VS_STAGE_GROUPS."BEST_LAP",VS_STAGE_GROUPS."RACE_TIME",VS_STAGE_GROUPS."IS_RECALULATED",VS_STAGE_GROUPS."IS_FINISHED",VS_STAGE_GROUPS."SCORE",VS_STAGE_GROUPS."WIN",VS_STAGE_GROUPS."LOSE",VS_STAGE_GROUPS."ACTIVE_FOR_NEXT_STAGE",VS_STAGE_GROUPS."CHECK_FOR_RACE",VS_STAGE_GROUPS."FIRST_LAP",VS_STAGE_GROUPS."QUAL_TIME",VS_STAGE_GROUPS."QUAL_POS",VS_STAGE_GROUPS."RACE_TIME_FINAL",VS_STAGE_GROUPS."RACE_TIME_HALF_FINAL",VS_STAGE_GROUPS."RACE_TIME_QUART_FINAL",VS_STAGE_GROUPS."GROUP_FINAL",VS_STAGE_GROUPS."GROUP_HALF_FINAL",VS_STAGE_GROUPS."GROUP_QUART_FINAL",VS_STAGE_GROUPS."GROUP_TYPE",VS_STAGE_GROUPS."IS_PANDING" FROM VS_STAGE_GROUPS as VS_STAGE_GROUPS WHERE STAGE_ID IN (SELECT stage.id from VS_STAGE as stage where stage.RACE_ID=? and stage.STAGE_TYPE=?) order by RACE_TIME, BEST_LAP
Error message: 
java.sql.SQLException: [SQLITE_ERROR] SQL error or missing database (no such column: VS_STAGE_GROUPS.IS_PANDING)[2018-07-31 15:16:15] Sql is error SQL : SELECT VS_STAGE_GROUPS."GID",VS_STAGE_GROUPS."STAGE_ID",VS_STAGE_GROUPS."GROUP_NUM",VS_STAGE_GROUPS."NUM_IN_GROUP",VS_STAGE_GROUPS."REG_ID",VS_STAGE_GROUPS."PILOT",VS_STAGE_GROUPS."TRANSPONDER",VS_STAGE_GROUPS."CHANNEL",VS_STAGE_GROUPS."LAPS",VS_STAGE_GROUPS."BEST_LAP",VS_STAGE_GROUPS."RACE_TIME",VS_STAGE_GROUPS."IS_RECALULATED",VS_STAGE_GROUPS."IS_FINISHED",VS_STAGE_GROUPS."SCORE",VS_STAGE_GROUPS."WIN",VS_STAGE_GROUPS."LOSE",VS_STAGE_GROUPS."ACTIVE_FOR_NEXT_STAGE",VS_STAGE_GROUPS."CHECK_FOR_RACE",VS_STAGE_GROUPS."FIRST_LAP",VS_STAGE_GROUPS."QUAL_TIME",VS_STAGE_GROUPS."QUAL_POS",VS_STAGE_GROUPS."RACE_TIME_FINAL",VS_STAGE_GROUPS."RACE_TIME_HALF_FINAL",VS_STAGE_GROUPS."RACE_TIME_QUART_FINAL",VS_STAGE_GROUPS."GROUP_FINAL",VS_STAGE_GROUPS."GROUP_HALF_FINAL",VS_STAGE_GROUPS."GROUP_QUART_FINAL",VS_STAGE_GROUPS."GROUP_TYPE",VS_STAGE_GROUPS."IS_PANDING" FROM VS_STAGE_GROUPS as VS_STAGE_GROUPS WHERE STAGE_ID=? ORDER BY GROUP_NUM, NUM_IN_GROUP
Error message: 
java.sql.SQLException: [SQLITE_ERROR] SQL error or missing database (no such column: VS_STAGE_GROUPS.IS_PANDING)[2018-07-31 15:16:15] Sql is error SQL : SELECT VS_STAGE_GROUPS."GID",VS_STAGE_GROUPS."STAGE_ID",VS_STAGE_GROUPS."GROUP_NUM",VS_STAGE_GROUPS."NUM_IN_GROUP",VS_STAGE_GROUPS."REG_ID",VS_STAGE_GROUPS."PILOT",VS_STAGE_GROUPS."TRANSPONDER",VS_STAGE_GROUPS."CHANNEL",VS_STAGE_GROUPS."LAPS",VS_STAGE_GROUPS."BEST_LAP",VS_STAGE_GROUPS."RACE_TIME",VS_STAGE_GROUPS."IS_RECALULATED",VS_STAGE_GROUPS."IS_FINISHED",VS_STAGE_GROUPS."SCORE",VS_STAGE_GROUPS."WIN",VS_STAGE_GROUPS."LOSE",VS_STAGE_GROUPS."ACTIVE_FOR_NEXT_STAGE",VS_STAGE_GROUPS."CHECK_FOR_RACE",VS_STAGE_GROUPS."FIRST_LAP",VS_STAGE_GROUPS."QUAL_TIME",VS_STAGE_GROUPS."QUAL_POS",VS_STAGE_GROUPS."RACE_TIME_FINAL",VS_STAGE_GROUPS."RACE_TIME_HALF_FINAL",VS_STAGE_GROUPS."RACE_TIME_QUART_FINAL",VS_STAGE_GROUPS."GROUP_FINAL",VS_STAGE_GROUPS."GROUP_HALF_FINAL",VS_STAGE_GROUPS."GROUP_QUART_FINAL",VS_STAGE_GROUPS."GROUP_TYPE",VS_STAGE_GROUPS."IS_PANDING" FROM VS_STAGE_GROUPS as VS_STAGE_GROUPS WHERE STAGE_ID IN (SELECT stage.id from VS_STAGE as stage where stage.RACE_ID=? and stage.STAGE_TYPE=?) order by RACE_TIME, BEST_LAP
Error message: 
java.sql.SQLException: [SQLITE_ERROR] SQL error or missing database (no such column: VS_STAGE_GROUPS.IS_PANDING)[2018-07-31 15:16:16] Sql is error SQL : SELECT VS_STAGE_GROUPS."GID",VS_STAGE_GROUPS."STAGE_ID",VS_STAGE_GROUPS."GROUP_NUM",VS_STAGE_GROUPS."NUM_IN_GROUP",VS_STAGE_GROUPS."REG_ID",VS_STAGE_GROUPS."PILOT",VS_STAGE_GROUPS."TRANSPONDER",VS_STAGE_GROUPS."CHANNEL",VS_STAGE_GROUPS."LAPS",VS_STAGE_GROUPS."BEST_LAP",VS_STAGE_GROUPS."RACE_TIME",VS_STAGE_GROUPS."IS_RECALULATED",VS_STAGE_GROUPS."IS_FINISHED",VS_STAGE_GROUPS."SCORE",VS_STAGE_GROUPS."WIN",VS_STAGE_GROUPS."LOSE",VS_STAGE_GROUPS."ACTIVE_FOR_NEXT_STAGE",VS_STAGE_GROUPS."CHECK_FOR_RACE",VS_STAGE_GROUPS."FIRST_LAP",VS_STAGE_GROUPS."QUAL_TIME",VS_STAGE_GROUPS."QUAL_POS",VS_STAGE_GROUPS."RACE_TIME_FINAL",VS_STAGE_GROUPS."RACE_TIME_HALF_FINAL",VS_STAGE_GROUPS."RACE_TIME_QUART_FINAL",VS_STAGE_GROUPS."GROUP_FINAL",VS_STAGE_GROUPS."GROUP_HALF_FINAL",VS_STAGE_GROUPS."GROUP_QUART_FINAL",VS_STAGE_GROUPS."GROUP_TYPE",VS_STAGE_GROUPS."IS_PANDING" FROM VS_STAGE_GROUPS as VS_STAGE_GROUPS WHERE STAGE_ID=? ORDER BY GROUP_NUM, NUM_IN_GROUP
Error message: 
java.sql.SQLException: [SQLITE_ERROR] SQL error or missing database (no such column: VS_STAGE_GROUPS.IS_PANDING)[2018-07-31 15:16:16] Sql is error SQL : SELECT VS_STAGE_GROUPS."GID",VS_STAGE_GROUPS."STAGE_ID",VS_STAGE_GROUPS."GROUP_NUM",VS_STAGE_GROUPS."NUM_IN_GROUP",VS_STAGE_GROUPS."REG_ID",VS_STAGE_GROUPS."PILOT",VS_STAGE_GROUPS."TRANSPONDER",VS_STAGE_GROUPS."CHANNEL",VS_STAGE_GROUPS."LAPS",VS_STAGE_GROUPS."BEST_LAP",VS_STAGE_GROUPS."RACE_TIME",VS_STAGE_GROUPS."IS_RECALULATED",VS_STAGE_GROUPS."IS_FINISHED",VS_STAGE_GROUPS."SCORE",VS_STAGE_GROUPS."WIN",VS_STAGE_GROUPS."LOSE",VS_STAGE_GROUPS."ACTIVE_FOR_NEXT_STAGE",VS_STAGE_GROUPS."CHECK_FOR_RACE",VS_STAGE_GROUPS."FIRST_LAP",VS_STAGE_GROUPS."QUAL_TIME",VS_STAGE_GROUPS."QUAL_POS",VS_STAGE_GROUPS."RACE_TIME_FINAL",VS_STAGE_GROUPS."RACE_TIME_HALF_FINAL",VS_STAGE_GROUPS."RACE_TIME_QUART_FINAL",VS_STAGE_GROUPS."GROUP_FINAL",VS_STAGE_GROUPS."GROUP_HALF_FINAL",VS_STAGE_GROUPS."GROUP_QUART_FINAL",VS_STAGE_GROUPS."GROUP_TYPE",VS_STAGE_GROUPS."IS_PANDING" FROM VS_STAGE_GROUPS as VS_STAGE_GROUPS WHERE STAGE_ID=? ORDER BY GROUP_NUM, NUM_IN_GROUP
Error message: 
java.sql.SQLException: [SQLITE_ERROR] SQL error or missing database (no such column: VS_STAGE_GROUPS.IS_PANDING)[2018-07-31 15:16:16] Sql is error SQL : SELECT VS_STAGE_GROUPS."GID",VS_STAGE_GROUPS."STAGE_ID",VS_STAGE_GROUPS."GROUP_NUM",VS_STAGE_GROUPS."NUM_IN_GROUP",VS_STAGE_GROUPS."REG_ID",VS_STAGE_GROUPS."PILOT",VS_STAGE_GROUPS."TRANSPONDER",VS_STAGE_GROUPS."CHANNEL",VS_STAGE_GROUPS."LAPS",VS_STAGE_GROUPS."BEST_LAP",VS_STAGE_GROUPS."RACE_TIME",VS_STAGE_GROUPS."IS_RECALULATED",VS_STAGE_GROUPS."IS_FINISHED",VS_STAGE_GROUPS."SCORE",VS_STAGE_GROUPS."WIN",VS_STAGE_GROUPS."LOSE",VS_STAGE_GROUPS."ACTIVE_FOR_NEXT_STAGE",VS_STAGE_GROUPS."CHECK_FOR_RACE",VS_STAGE_GROUPS."FIRST_LAP",VS_STAGE_GROUPS."QUAL_TIME",VS_STAGE_GROUPS."QUAL_POS",VS_STAGE_GROUPS."RACE_TIME_FINAL",VS_STAGE_GROUPS."RACE_TIME_HALF_FINAL",VS_STAGE_GROUPS."RACE_TIME_QUART_FINAL",VS_STAGE_GROUPS."GROUP_FINAL",VS_STAGE_GROUPS."GROUP_HALF_FINAL",VS_STAGE_GROUPS."GROUP_QUART_FINAL",VS_STAGE_GROUPS."GROUP_TYPE",VS_STAGE_GROUPS."IS_PANDING" FROM VS_STAGE_GROUPS as VS_STAGE_GROUPS WHERE STAGE_ID=? ORDER BY GROUP_NUM, NUM_IN_GROUP
Error message: 
java.sql.SQLException: [SQLITE_ERROR] SQL error or missing database (no such column: VS_STAGE_GROUPS.IS_PANDING)[2018-07-31 15:16:16] Sql is error SQL : SELECT VS_STAGE_GROUPS."GID",VS_STAGE_GROUPS."STAGE_ID",VS_STAGE_GROUPS."GROUP_NUM",VS_STAGE_GROUPS."NUM_IN_GROUP",VS_STAGE_GROUPS."REG_ID",VS_STAGE_GROUPS."PILOT",VS_STAGE_GROUPS."TRANSPONDER",VS_STAGE_GROUPS."CHANNEL",VS_STAGE_GROUPS."LAPS",VS_STAGE_GROUPS."BEST_LAP",VS_STAGE_GROUPS."RACE_TIME",VS_STAGE_GROUPS."IS_RECALULATED",VS_STAGE_GROUPS."IS_FINISHED",VS_STAGE_GROUPS."SCORE",VS_STAGE_GROUPS."WIN",VS_STAGE_GROUPS."LOSE",VS_STAGE_GROUPS."ACTIVE_FOR_NEXT_STAGE",VS_STAGE_GROUPS."CHECK_FOR_RACE",VS_STAGE_GROUPS."FIRST_LAP",VS_STAGE_GROUPS."QUAL_TIME",VS_STAGE_GROUPS."QUAL_POS",VS_STAGE_GROUPS."RACE_TIME_FINAL",VS_STAGE_GROUPS."RACE_TIME_HALF_FINAL",VS_STAGE_GROUPS."RACE_TIME_QUART_FINAL",VS_STAGE_GROUPS."GROUP_FINAL",VS_STAGE_GROUPS."GROUP_HALF_FINAL",VS_STAGE_GROUPS."GROUP_QUART_FINAL",VS_STAGE_GROUPS."GROUP_TYPE",VS_STAGE_GROUPS."IS_PANDING" FROM VS_STAGE_GROUPS as VS_STAGE_GROUPS WHERE STAGE_ID=? ORDER BY GROUP_NUM, NUM_IN_GROUP
Error message: 
java.sql.SQLException: [SQLITE_ERROR] SQL error or missing database (no such column: VS_STAGE_GROUPS.IS_PANDING)[2018-07-31 15:16:16] Sql is error SQL : SELECT VS_STAGE_GROUPS."GID",VS_STAGE_GROUPS."STAGE_ID",VS_STAGE_GROUPS."GROUP_NUM",VS_STAGE_GROUPS."NUM_IN_GROUP",VS_STAGE_GROUPS."REG_ID",VS_STAGE_GROUPS."PILOT",VS_STAGE_GROUPS."TRANSPONDER",VS_STAGE_GROUPS."CHANNEL",VS_STAGE_GROUPS."LAPS",VS_STAGE_GROUPS."BEST_LAP",VS_STAGE_GROUPS."RACE_TIME",VS_STAGE_GROUPS."IS_RECALULATED",VS_STAGE_GROUPS."IS_FINISHED",VS_STAGE_GROUPS."SCORE",VS_STAGE_GROUPS."WIN",VS_STAGE_GROUPS."LOSE",VS_STAGE_GROUPS."ACTIVE_FOR_NEXT_STAGE",VS_STAGE_GROUPS."CHECK_FOR_RACE",VS_STAGE_GROUPS."FIRST_LAP",VS_STAGE_GROUPS."QUAL_TIME",VS_STAGE_GROUPS."QUAL_POS",VS_STAGE_GROUPS."RACE_TIME_FINAL",VS_STAGE_GROUPS."RACE_TIME_HALF_FINAL",VS_STAGE_GROUPS."RACE_TIME_QUART_FINAL",VS_STAGE_GROUPS."GROUP_FINAL",VS_STAGE_GROUPS."GROUP_HALF_FINAL",VS_STAGE_GROUPS."GROUP_QUART_FINAL",VS_STAGE_GROUPS."GROUP_TYPE",VS_STAGE_GROUPS."IS_PANDING" FROM VS_STAGE_GROUPS as VS_STAGE_GROUPS WHERE STAGE_ID=? ORDER BY GROUP_NUM, NUM_IN_GROUP
Error message: 
java.sql.SQLException: [SQLITE_ERROR] SQL error or missing database (no such column: VS_STAGE_GROUPS.IS_PANDING)[2018-07-31 15:16:16] Sql is error SQL : SELECT VS_STAGE_GROUPS."GID",VS_STAGE_GROUPS."STAGE_ID",VS_STAGE_GROUPS."GROUP_NUM",VS_STAGE_GROUPS."NUM_IN_GROUP",VS_STAGE_GROUPS."REG_ID",VS_STAGE_GROUPS."PILOT",VS_STAGE_GROUPS."TRANSPONDER",VS_STAGE_GROUPS."CHANNEL",VS_STAGE_GROUPS."LAPS",VS_STAGE_GROUPS."BEST_LAP",VS_STAGE_GROUPS."RACE_TIME",VS_STAGE_GROUPS."IS_RECALULATED",VS_STAGE_GROUPS."IS_FINISHED",VS_STAGE_GROUPS."SCORE",VS_STAGE_GROUPS."WIN",VS_STAGE_GROUPS."LOSE",VS_STAGE_GROUPS."ACTIVE_FOR_NEXT_STAGE",VS_STAGE_GROUPS."CHECK_FOR_RACE",VS_STAGE_GROUPS."FIRST_LAP",VS_STAGE_GROUPS."QUAL_TIME",VS_STAGE_GROUPS."QUAL_POS",VS_STAGE_GROUPS."RACE_TIME_FINAL",VS_STAGE_GROUPS."RACE_TIME_HALF_FINAL",VS_STAGE_GROUPS."RACE_TIME_QUART_FINAL",VS_STAGE_GROUPS."GROUP_FINAL",VS_STAGE_GROUPS."GROUP_HALF_FINAL",VS_STAGE_GROUPS."GROUP_QUART_FINAL",VS_STAGE_GROUPS."GROUP_TYPE",VS_STAGE_GROUPS."IS_PANDING" FROM VS_STAGE_GROUPS as VS_STAGE_GROUPS WHERE STAGE_ID=? ORDER BY GROUP_NUM, NUM_IN_GROUP
Error message: 
java.sql.SQLException: [SQLITE_ERROR] SQL error or missing database (no such column: VS_STAGE_GROUPS.IS_PANDING)[2018-07-31 15:16:16] Sql is error SQL : SELECT VS_STAGE_GROUPS."GID",VS_STAGE_GROUPS."STAGE_ID",VS_STAGE_GROUPS."GROUP_NUM",VS_STAGE_GROUPS."NUM_IN_GROUP",VS_STAGE_GROUPS."REG_ID",VS_STAGE_GROUPS."PILOT",VS_STAGE_GROUPS."TRANSPONDER",VS_STAGE_GROUPS."CHANNEL",VS_STAGE_GROUPS."LAPS",VS_STAGE_GROUPS."BEST_LAP",VS_STAGE_GROUPS."RACE_TIME",VS_STAGE_GROUPS."IS_RECALULATED",VS_STAGE_GROUPS."IS_FINISHED",VS_STAGE_GROUPS."SCORE",VS_STAGE_GROUPS."WIN",VS_STAGE_GROUPS."LOSE",VS_STAGE_GROUPS."ACTIVE_FOR_NEXT_STAGE",VS_STAGE_GROUPS."CHECK_FOR_RACE",VS_STAGE_GROUPS."FIRST_LAP",VS_STAGE_GROUPS."QUAL_TIME",VS_STAGE_GROUPS."QUAL_POS",VS_STAGE_GROUPS."RACE_TIME_FINAL",VS_STAGE_GROUPS."RACE_TIME_HALF_FINAL",VS_STAGE_GROUPS."RACE_TIME_QUART_FINAL",VS_STAGE_GROUPS."GROUP_FINAL",VS_STAGE_GROUPS."GROUP_HALF_FINAL",VS_STAGE_GROUPS."GROUP_QUART_FINAL",VS_STAGE_GROUPS."GROUP_TYPE",VS_STAGE_GROUPS."IS_PANDING" FROM VS_STAGE_GROUPS as VS_STAGE_GROUPS WHERE STAGE_ID=? ORDER BY GROUP_NUM, NUM_IN_GROUP
Error message: 
java.sql.SQLException: [SQLITE_ERROR] SQL error or missing database (no such column: VS_STAGE_GROUPS.IS_PANDING)[2018-07-31 15:16:16] Sql is error SQL : SELECT VS_STAGE_GROUPS."GID",VS_STAGE_GROUPS."STAGE_ID",VS_STAGE_GROUPS."GROUP_NUM",VS_STAGE_GROUPS."NUM_IN_GROUP",VS_STAGE_GROUPS."REG_ID",VS_STAGE_GROUPS."PILOT",VS_STAGE_GROUPS."TRANSPONDER",VS_STAGE_GROUPS."CHANNEL",VS_STAGE_GROUPS."LAPS",VS_STAGE_GROUPS."BEST_LAP",VS_STAGE_GROUPS."RACE_TIME",VS_STAGE_GROUPS."IS_RECALULATED",VS_STAGE_GROUPS."IS_FINISHED",VS_STAGE_GROUPS."SCORE",VS_STAGE_GROUPS."WIN",VS_STAGE_GROUPS."LOSE",VS_STAGE_GROUPS."ACTIVE_FOR_NEXT_STAGE",VS_STAGE_GROUPS."CHECK_FOR_RACE",VS_STAGE_GROUPS."FIRST_LAP",VS_STAGE_GROUPS."QUAL_TIME",VS_STAGE_GROUPS."QUAL_POS",VS_STAGE_GROUPS."RACE_TIME_FINAL",VS_STAGE_GROUPS."RACE_TIME_HALF_FINAL",VS_STAGE_GROUPS."RACE_TIME_QUART_FINAL",VS_STAGE_GROUPS."GROUP_FINAL",VS_STAGE_GROUPS."GROUP_HALF_FINAL",VS_STAGE_GROUPS."GROUP_QUART_FINAL",VS_STAGE_GROUPS."GROUP_TYPE",VS_STAGE_GROUPS."IS_PANDING" FROM VS_STAGE_GROUPS as VS_STAGE_GROUPS WHERE STAGE_ID=? ORDER BY GROUP_NUM, NUM_IN_GROUP
Error message: 
java.sql.SQLException: [SQLITE_ERROR] SQL error or missing database (no such column: VS_STAGE_GROUPS.IS_PANDING)[2018-07-31 15:16:16] Sql is error SQL : SELECT VS_STAGE_GROUPS."GID",VS_STAGE_GROUPS."STAGE_ID",VS_STAGE_GROUPS."GROUP_NUM",VS_STAGE_GROUPS."NUM_IN_GROUP",VS_STAGE_GROUPS."REG_ID",VS_STAGE_GROUPS."PILOT",VS_STAGE_GROUPS."TRANSPONDER",VS_STAGE_GROUPS."CHANNEL",VS_STAGE_GROUPS."LAPS",VS_STAGE_GROUPS."BEST_LAP",VS_STAGE_GROUPS."RACE_TIME",VS_STAGE_GROUPS."IS_RECALULATED",VS_STAGE_GROUPS."IS_FINISHED",VS_STAGE_GROUPS."SCORE",VS_STAGE_GROUPS."WIN",VS_STAGE_GROUPS."LOSE",VS_STAGE_GROUPS."ACTIVE_FOR_NEXT_STAGE",VS_STAGE_GROUPS."CHECK_FOR_RACE",VS_STAGE_GROUPS."FIRST_LAP",VS_STAGE_GROUPS."QUAL_TIME",VS_STAGE_GROUPS."QUAL_POS",VS_STAGE_GROUPS."RACE_TIME_FINAL",VS_STAGE_GROUPS."RACE_TIME_HALF_FINAL",VS_STAGE_GROUPS."RACE_TIME_QUART_FINAL",VS_STAGE_GROUPS."GROUP_FINAL",VS_STAGE_GROUPS."GROUP_HALF_FINAL",VS_STAGE_GROUPS."GROUP_QUART_FINAL",VS_STAGE_GROUPS."GROUP_TYPE",VS_STAGE_GROUPS."IS_PANDING" FROM VS_STAGE_GROUPS as VS_STAGE_GROUPS WHERE STAGE_ID=? ORDER BY GROUP_NUM, NUM_IN_GROUP
Error message: 
java.sql.SQLException: [SQLITE_ERROR] SQL error or missing database (no such column: VS_STAGE_GROUPS.IS_PANDING)[2018-07-31 15:16:16] Sql is error SQL : SELECT VS_STAGE_GROUPS."GID",VS_STAGE_GROUPS."STAGE_ID",VS_STAGE_GROUPS."GROUP_NUM",VS_STAGE_GROUPS."NUM_IN_GROUP",VS_STAGE_GROUPS."REG_ID",VS_STAGE_GROUPS."PILOT",VS_STAGE_GROUPS."TRANSPONDER",VS_STAGE_GROUPS."CHANNEL",VS_STAGE_GROUPS."LAPS",VS_STAGE_GROUPS."BEST_LAP",VS_STAGE_GROUPS."RACE_TIME",VS_STAGE_GROUPS."IS_RECALULATED",VS_STAGE_GROUPS."IS_FINISHED",VS_STAGE_GROUPS."SCORE",VS_STAGE_GROUPS."WIN",VS_STAGE_GROUPS."LOSE",VS_STAGE_GROUPS."ACTIVE_FOR_NEXT_STAGE",VS_STAGE_GROUPS."CHECK_FOR_RACE",VS_STAGE_GROUPS."FIRST_LAP",VS_STAGE_GROUPS."QUAL_TIME",VS_STAGE_GROUPS."QUAL_POS",VS_STAGE_GROUPS."RACE_TIME_FINAL",VS_STAGE_GROUPS."RACE_TIME_HALF_FINAL",VS_STAGE_GROUPS."RACE_TIME_QUART_FINAL",VS_STAGE_GROUPS."GROUP_FINAL",VS_STAGE_GROUPS."GROUP_HALF_FINAL",VS_STAGE_GROUPS."GROUP_QUART_FINAL",VS_STAGE_GROUPS."GROUP_TYPE",VS_STAGE_GROUPS."IS_PANDING" FROM VS_STAGE_GROUPS as VS_STAGE_GROUPS WHERE STAGE_ID=? ORDER BY GROUP_NUM, NUM_IN_GROUP
Error message: 
java.sql.SQLException: [SQLITE_ERROR] SQL error or missing database (no such column: VS_STAGE_GROUPS.IS_PANDING)[2018-07-31 15:16:16] Sql is error SQL : SELECT VS_STAGE_GROUPS."GID",VS_STAGE_GROUPS."STAGE_ID",VS_STAGE_GROUPS."GROUP_NUM",VS_STAGE_GROUPS."NUM_IN_GROUP",VS_STAGE_GROUPS."REG_ID",VS_STAGE_GROUPS."PILOT",VS_STAGE_GROUPS."TRANSPONDER",VS_STAGE_GROUPS."CHANNEL",VS_STAGE_GROUPS."LAPS",VS_STAGE_GROUPS."BEST_LAP",VS_STAGE_GROUPS."RACE_TIME",VS_STAGE_GROUPS."IS_RECALULATED",VS_STAGE_GROUPS."IS_FINISHED",VS_STAGE_GROUPS."SCORE",VS_STAGE_GROUPS."WIN",VS_STAGE_GROUPS."LOSE",VS_STAGE_GROUPS."ACTIVE_FOR_NEXT_STAGE",VS_STAGE_GROUPS."CHECK_FOR_RACE",VS_STAGE_GROUPS."FIRST_LAP",VS_STAGE_GROUPS."QUAL_TIME",VS_STAGE_GROUPS."QUAL_POS",VS_STAGE_GROUPS."RACE_TIME_FINAL",VS_STAGE_GROUPS."RACE_TIME_HALF_FINAL",VS_STAGE_GROUPS."RACE_TIME_QUART_FINAL",VS_STAGE_GROUPS."GROUP_FINAL",VS_STAGE_GROUPS."GROUP_HALF_FINAL",VS_STAGE_GROUPS."GROUP_QUART_FINAL",VS_STAGE_GROUPS."GROUP_TYPE",VS_STAGE_GROUPS."IS_PANDING" FROM VS_STAGE_GROUPS as VS_STAGE_GROUPS WHERE STAGE_ID=? ORDER BY GROUP_NUM, NUM_IN_GROUP
Error message: 
java.sql.SQLException: [SQLITE_ERROR] SQL error or missing database (no such column: VS_STAGE_GROUPS.IS_PANDING)[2018-07-31 15:16:16] Sql is error SQL : SELECT VS_STAGE_GROUPS."GID",VS_STAGE_GROUPS."STAGE_ID",VS_STAGE_GROUPS."GROUP_NUM",VS_STAGE_GROUPS."NUM_IN_GROUP",VS_STAGE_GROUPS."REG_ID",VS_STAGE_GROUPS."PILOT",VS_STAGE_GROUPS."TRANSPONDER",VS_STAGE_GROUPS."CHANNEL",VS_STAGE_GROUPS."LAPS",VS_STAGE_GROUPS."BEST_LAP",VS_STAGE_GROUPS."RACE_TIME",VS_STAGE_GROUPS."IS_RECALULATED",VS_STAGE_GROUPS."IS_FINISHED",VS_STAGE_GROUPS."SCORE",VS_STAGE_GROUPS."WIN",VS_STAGE_GROUPS."LOSE",VS_STAGE_GROUPS."ACTIVE_FOR_NEXT_STAGE",VS_STAGE_GROUPS."CHECK_FOR_RACE",VS_STAGE_GROUPS."FIRST_LAP",VS_STAGE_GROUPS."QUAL_TIME",VS_STAGE_GROUPS."QUAL_POS",VS_STAGE_GROUPS."RACE_TIME_FINAL",VS_STAGE_GROUPS."RACE_TIME_HALF_FINAL",VS_STAGE_GROUPS."RACE_TIME_QUART_FINAL",VS_STAGE_GROUPS."GROUP_FINAL",VS_STAGE_GROUPS."GROUP_HALF_FINAL",VS_STAGE_GROUPS."GROUP_QUART_FINAL",VS_STAGE_GROUPS."GROUP_TYPE",VS_STAGE_GROUPS."IS_PANDING" FROM VS_STAGE_GROUPS as VS_STAGE_GROUPS WHERE STAGE_ID=? ORDER BY GROUP_NUM, NUM_IN_GROUP
Error message: 
java.sql.SQLException: [SQLITE_ERROR] SQL error or missing database (no such column: VS_STAGE_GROUPS.IS_PANDING)[2018-07-31 15:16:16] Sql is error SQL : SELECT VS_STAGE_GROUPS."GID",VS_STAGE_GROUPS."STAGE_ID",VS_STAGE_GROUPS."GROUP_NUM",VS_STAGE_GROUPS."NUM_IN_GROUP",VS_STAGE_GROUPS."REG_ID",VS_STAGE_GROUPS."PILOT",VS_STAGE_GROUPS."TRANSPONDER",VS_STAGE_GROUPS."CHANNEL",VS_STAGE_GROUPS."LAPS",VS_STAGE_GROUPS."BEST_LAP",VS_STAGE_GROUPS."RACE_TIME",VS_STAGE_GROUPS."IS_RECALULATED",VS_STAGE_GROUPS."IS_FINISHED",VS_STAGE_GROUPS."SCORE",VS_STAGE_GROUPS."WIN",VS_STAGE_GROUPS."LOSE",VS_STAGE_GROUPS."ACTIVE_FOR_NEXT_STAGE",VS_STAGE_GROUPS."CHECK_FOR_RACE",VS_STAGE_GROUPS."FIRST_LAP",VS_STAGE_GROUPS."QUAL_TIME",VS_STAGE_GROUPS."QUAL_POS",VS_STAGE_GROUPS."RACE_TIME_FINAL",VS_STAGE_GROUPS."RACE_TIME_HALF_FINAL",VS_STAGE_GROUPS."RACE_TIME_QUART_FINAL",VS_STAGE_GROUPS."GROUP_FINAL",VS_STAGE_GROUPS."GROUP_HALF_FINAL",VS_STAGE_GROUPS."GROUP_QUART_FINAL",VS_STAGE_GROUPS."GROUP_TYPE",VS_STAGE_GROUPS."IS_PANDING" FROM VS_STAGE_GROUPS as VS_STAGE_GROUPS WHERE STAGE_ID=? ORDER BY GROUP_NUM, NUM_IN_GROUP
Error message: 
java.sql.SQLException: [SQLITE_ERROR] SQL error or missing database (no such column: VS_STAGE_GROUPS.IS_PANDING)[2018-07-31 15:16:16] Sql is error SQL : SELECT VS_STAGE_GROUPS."GID",VS_STAGE_GROUPS."STAGE_ID",VS_STAGE_GROUPS."GROUP_NUM",VS_STAGE_GROUPS."NUM_IN_GROUP",VS_STAGE_GROUPS."REG_ID",VS_STAGE_GROUPS."PILOT",VS_STAGE_GROUPS."TRANSPONDER",VS_STAGE_GROUPS."CHANNEL",VS_STAGE_GROUPS."LAPS",VS_STAGE_GROUPS."BEST_LAP",VS_STAGE_GROUPS."RACE_TIME",VS_STAGE_GROUPS."IS_RECALULATED",VS_STAGE_GROUPS."IS_FINISHED",VS_STAGE_GROUPS."SCORE",VS_STAGE_GROUPS."WIN",VS_STAGE_GROUPS."LOSE",VS_STAGE_GROUPS."ACTIVE_FOR_NEXT_STAGE",VS_STAGE_GROUPS."CHECK_FOR_RACE",VS_STAGE_GROUPS."FIRST_LAP",VS_STAGE_GROUPS."QUAL_TIME",VS_STAGE_GROUPS."QUAL_POS",VS_STAGE_GROUPS."RACE_TIME_FINAL",VS_STAGE_GROUPS."RACE_TIME_HALF_FINAL",VS_STAGE_GROUPS."RACE_TIME_QUART_FINAL",VS_STAGE_GROUPS."GROUP_FINAL",VS_STAGE_GROUPS."GROUP_HALF_FINAL",VS_STAGE_GROUPS."GROUP_QUART_FINAL",VS_STAGE_GROUPS."GROUP_TYPE",VS_STAGE_GROUPS."IS_PANDING" FROM VS_STAGE_GROUPS as VS_STAGE_GROUPS WHERE STAGE_ID=? order by STAGE_ID, GROUP_NUM, NUM_IN_GROUP
Error message: 
java.sql.SQLException: [SQLITE_ERROR] SQL error or missing database (no such column: VS_STAGE_GROUPS.IS_PANDING)[2018-07-31 15:16:16] Sql is error SQL : SELECT VS_STAGE_GROUPS."GID",VS_STAGE_GROUPS."STAGE_ID",VS_STAGE_GROUPS."GROUP_NUM",VS_STAGE_GROUPS."NUM_IN_GROUP",VS_STAGE_GROUPS."REG_ID",VS_STAGE_GROUPS."PILOT",VS_STAGE_GROUPS."TRANSPONDER",VS_STAGE_GROUPS."CHANNEL",VS_STAGE_GROUPS."LAPS",VS_STAGE_GROUPS."BEST_LAP",VS_STAGE_GROUPS."RACE_TIME",VS_STAGE_GROUPS."IS_RECALULATED",VS_STAGE_GROUPS."IS_FINISHED",VS_STAGE_GROUPS."SCORE",VS_STAGE_GROUPS."WIN",VS_STAGE_GROUPS."LOSE",VS_STAGE_GROUPS."ACTIVE_FOR_NEXT_STAGE",VS_STAGE_GROUPS."CHECK_FOR_RACE",VS_STAGE_GROUPS."FIRST_LAP",VS_STAGE_GROUPS."QUAL_TIME",VS_STAGE_GROUPS."QUAL_POS",VS_STAGE_GROUPS."RACE_TIME_FINAL",VS_STAGE_GROUPS."RACE_TIME_HALF_FINAL",VS_STAGE_GROUPS."RACE_TIME_QUART_FINAL",VS_STAGE_GROUPS."GROUP_FINAL",VS_STAGE_GROUPS."GROUP_HALF_FINAL",VS_STAGE_GROUPS."GROUP_QUART_FINAL",VS_STAGE_GROUPS."GROUP_TYPE",VS_STAGE_GROUPS."IS_PANDING" FROM VS_STAGE_GROUPS as VS_STAGE_GROUPS WHERE STAGE_ID=? ORDER BY GROUP_NUM, NUM_IN_GROUP
Error message: 
java.sql.SQLException: [SQLITE_ERROR] SQL error or missing database (no such column: VS_STAGE_GROUPS.IS_PANDING)[2018-07-31 15:16:16] Sql is error SQL : SELECT VS_STAGE_GROUPS."GID",VS_STAGE_GROUPS."STAGE_ID",VS_STAGE_GROUPS."GROUP_NUM",VS_STAGE_GROUPS."NUM_IN_GROUP",VS_STAGE_GROUPS."REG_ID",VS_STAGE_GROUPS."PILOT",VS_STAGE_GROUPS."TRANSPONDER",VS_STAGE_GROUPS."CHANNEL",VS_STAGE_GROUPS."LAPS",VS_STAGE_GROUPS."BEST_LAP",VS_STAGE_GROUPS."RACE_TIME",VS_STAGE_GROUPS."IS_RECALULATED",VS_STAGE_GROUPS."IS_FINISHED",VS_STAGE_GROUPS."SCORE",VS_STAGE_GROUPS."WIN",VS_STAGE_GROUPS."LOSE",VS_STAGE_GROUPS."ACTIVE_FOR_NEXT_STAGE",VS_STAGE_GROUPS."CHECK_FOR_RACE",VS_STAGE_GROUPS."FIRST_LAP",VS_STAGE_GROUPS."QUAL_TIME",VS_STAGE_GROUPS."QUAL_POS",VS_STAGE_GROUPS."RACE_TIME_FINAL",VS_STAGE_GROUPS."RACE_TIME_HALF_FINAL",VS_STAGE_GROUPS."RACE_TIME_QUART_FINAL",VS_STAGE_GROUPS."GROUP_FINAL",VS_STAGE_GROUPS."GROUP_HALF_FINAL",VS_STAGE_GROUPS."GROUP_QUART_FINAL",VS_STAGE_GROUPS."GROUP_TYPE",VS_STAGE_GROUPS."IS_PANDING" FROM VS_STAGE_GROUPS as VS_STAGE_GROUPS WHERE STAGE_ID=? order by STAGE_ID, GROUP_NUM, NUM_IN_GROUP
Error message: 
java.sql.SQLException: [SQLITE_ERROR] SQL error or missing database (no such column: VS_STAGE_GROUPS.IS_PANDING)[2018-07-31 15:16:16] Sql is error SQL : SELECT VS_STAGE_GROUPS."GID",VS_STAGE_GROUPS."STAGE_ID",VS_STAGE_GROUPS."GROUP_NUM",VS_STAGE_GROUPS."NUM_IN_GROUP",VS_STAGE_GROUPS."REG_ID",VS_STAGE_GROUPS."PILOT",VS_STAGE_GROUPS."TRANSPONDER",VS_STAGE_GROUPS."CHANNEL",VS_STAGE_GROUPS."LAPS",VS_STAGE_GROUPS."BEST_LAP",VS_STAGE_GROUPS."RACE_TIME",VS_STAGE_GROUPS."IS_RECALULATED",VS_STAGE_GROUPS."IS_FINISHED",VS_STAGE_GROUPS."SCORE",VS_STAGE_GROUPS."WIN",VS_STAGE_GROUPS."LOSE",VS_STAGE_GROUPS."ACTIVE_FOR_NEXT_STAGE",VS_STAGE_GROUPS."CHECK_FOR_RACE",VS_STAGE_GROUPS."FIRST_LAP",VS_STAGE_GROUPS."QUAL_TIME",VS_STAGE_GROUPS."QUAL_POS",VS_STAGE_GROUPS."RACE_TIME_FINAL",VS_STAGE_GROUPS."RACE_TIME_HALF_FINAL",VS_STAGE_GROUPS."RACE_TIME_QUART_FINAL",VS_STAGE_GROUPS."GROUP_FINAL",VS_STAGE_GROUPS."GROUP_HALF_FINAL",VS_STAGE_GROUPS."GROUP_QUART_FINAL",VS_STAGE_GROUPS."GROUP_TYPE",VS_STAGE_GROUPS."IS_PANDING" FROM VS_STAGE_GROUPS as VS_STAGE_GROUPS WHERE STAGE_ID=? ORDER BY GROUP_NUM, NUM_IN_GROUP
Error message: 
java.sql.SQLException: [SQLITE_ERROR] SQL error or missing database (no such column: VS_STAGE_GROUPS.IS_PANDING)[2018-07-31 15:16:16] Sql is error SQL : SELECT VS_STAGE_GROUPS."GID",VS_STAGE_GROUPS."STAGE_ID",VS_STAGE_GROUPS."GROUP_NUM",VS_STAGE_GROUPS."NUM_IN_GROUP",VS_STAGE_GROUPS."REG_ID",VS_STAGE_GROUPS."PILOT",VS_STAGE_GROUPS."TRANSPONDER",VS_STAGE_GROUPS."CHANNEL",VS_STAGE_GROUPS."LAPS",VS_STAGE_GROUPS."BEST_LAP",VS_STAGE_GROUPS."RACE_TIME",VS_STAGE_GROUPS."IS_RECALULATED",VS_STAGE_GROUPS."IS_FINISHED",VS_STAGE_GROUPS."SCORE",VS_STAGE_GROUPS."WIN",VS_STAGE_GROUPS."LOSE",VS_STAGE_GROUPS."ACTIVE_FOR_NEXT_STAGE",VS_STAGE_GROUPS."CHECK_FOR_RACE",VS_STAGE_GROUPS."FIRST_LAP",VS_STAGE_GROUPS."QUAL_TIME",VS_STAGE_GROUPS."QUAL_POS",VS_STAGE_GROUPS."RACE_TIME_FINAL",VS_STAGE_GROUPS."RACE_TIME_HALF_FINAL",VS_STAGE_GROUPS."RACE_TIME_QUART_FINAL",VS_STAGE_GROUPS."GROUP_FINAL",VS_STAGE_GROUPS."GROUP_HALF_FINAL",VS_STAGE_GROUPS."GROUP_QUART_FINAL",VS_STAGE_GROUPS."GROUP_TYPE",VS_STAGE_GROUPS."IS_PANDING" FROM VS_STAGE_GROUPS as VS_STAGE_GROUPS WHERE STAGE_ID=? ORDER BY GROUP_NUM, NUM_IN_GROUP
Error message: 
java.sql.SQLException: [SQLITE_ERROR] SQL error or missing database (no such column: VS_STAGE_GROUPS.IS_PANDING)[2018-07-31 15:16:16] Sql is error SQL : SELECT VS_STAGE_GROUPS."GID",VS_STAGE_GROUPS."STAGE_ID",VS_STAGE_GROUPS."GROUP_NUM",VS_STAGE_GROUPS."NUM_IN_GROUP",VS_STAGE_GROUPS."REG_ID",VS_STAGE_GROUPS."PILOT",VS_STAGE_GROUPS."TRANSPONDER",VS_STAGE_GROUPS."CHANNEL",VS_STAGE_GROUPS."LAPS",VS_STAGE_GROUPS."BEST_LAP",VS_STAGE_GROUPS."RACE_TIME",VS_STAGE_GROUPS."IS_RECALULATED",VS_STAGE_GROUPS."IS_FINISHED",VS_STAGE_GROUPS."SCORE",VS_STAGE_GROUPS."WIN",VS_STAGE_GROUPS."LOSE",VS_STAGE_GROUPS."ACTIVE_FOR_NEXT_STAGE",VS_STAGE_GROUPS."CHECK_FOR_RACE",VS_STAGE_GROUPS."FIRST_LAP",VS_STAGE_GROUPS."QUAL_TIME",VS_STAGE_GROUPS."QUAL_POS",VS_STAGE_GROUPS."RACE_TIME_FINAL",VS_STAGE_GROUPS."RACE_TIME_HALF_FINAL",VS_STAGE_GROUPS."RACE_TIME_QUART_FINAL",VS_STAGE_GROUPS."GROUP_FINAL",VS_STAGE_GROUPS."GROUP_HALF_FINAL",VS_STAGE_GROUPS."GROUP_QUART_FINAL",VS_STAGE_GROUPS."GROUP_TYPE",VS_STAGE_GROUPS."IS_PANDING" FROM VS_STAGE_GROUPS as VS_STAGE_GROUPS WHERE STAGE_ID=? ORDER BY GROUP_NUM, NUM_IN_GROUP
Error message: 
java.sql.SQLException: [SQLITE_ERROR] SQL error or missing database (no such column: VS_STAGE_GROUPS.IS_PANDING)[2018-07-31 15:16:16] Sql is error SQL : SELECT VS_STAGE_GROUPS."GID",VS_STAGE_GROUPS."STAGE_ID",VS_STAGE_GROUPS."GROUP_NUM",VS_STAGE_GROUPS."NUM_IN_GROUP",VS_STAGE_GROUPS."REG_ID",VS_STAGE_GROUPS."PILOT",VS_STAGE_GROUPS."TRANSPONDER",VS_STAGE_GROUPS."CHANNEL",VS_STAGE_GROUPS."LAPS",VS_STAGE_GROUPS."BEST_LAP",VS_STAGE_GROUPS."RACE_TIME",VS_STAGE_GROUPS."IS_RECALULATED",VS_STAGE_GROUPS."IS_FINISHED",VS_STAGE_GROUPS."SCORE",VS_STAGE_GROUPS."WIN",VS_STAGE_GROUPS."LOSE",VS_STAGE_GROUPS."ACTIVE_FOR_NEXT_STAGE",VS_STAGE_GROUPS."CHECK_FOR_RACE",VS_STAGE_GROUPS."FIRST_LAP",VS_STAGE_GROUPS."QUAL_TIME",VS_STAGE_GROUPS."QUAL_POS",VS_STAGE_GROUPS."RACE_TIME_FINAL",VS_STAGE_GROUPS."RACE_TIME_HALF_FINAL",VS_STAGE_GROUPS."RACE_TIME_QUART_FINAL",VS_STAGE_GROUPS."GROUP_FINAL",VS_STAGE_GROUPS."GROUP_HALF_FINAL",VS_STAGE_GROUPS."GROUP_QUART_FINAL",VS_STAGE_GROUPS."GROUP_TYPE",VS_STAGE_GROUPS."IS_PANDING" FROM VS_STAGE_GROUPS as VS_STAGE_GROUPS WHERE STAGE_ID=? ORDER BY GROUP_NUM, NUM_IN_GROUP
Error message: 
java.sql.SQLException: [SQLITE_ERROR] SQL error or missing database (no such column: VS_STAGE_GROUPS.IS_PANDING)[2018-07-31 15:16:16] Sql is error SQL : SELECT VS_STAGE_GROUPS."GID",VS_STAGE_GROUPS."STAGE_ID",VS_STAGE_GROUPS."GROUP_NUM",VS_STAGE_GROUPS."NUM_IN_GROUP",VS_STAGE_GROUPS."REG_ID",VS_STAGE_GROUPS."PILOT",VS_STAGE_GROUPS."TRANSPONDER",VS_STAGE_GROUPS."CHANNEL",VS_STAGE_GROUPS."LAPS",VS_STAGE_GROUPS."BEST_LAP",VS_STAGE_GROUPS."RACE_TIME",VS_STAGE_GROUPS."IS_RECALULATED",VS_STAGE_GROUPS."IS_FINISHED",VS_STAGE_GROUPS."SCORE",VS_STAGE_GROUPS."WIN",VS_STAGE_GROUPS."LOSE",VS_STAGE_GROUPS."ACTIVE_FOR_NEXT_STAGE",VS_STAGE_GROUPS."CHECK_FOR_RACE",VS_STAGE_GROUPS."FIRST_LAP",VS_STAGE_GROUPS."QUAL_TIME",VS_STAGE_GROUPS."QUAL_POS",VS_STAGE_GROUPS."RACE_TIME_FINAL",VS_STAGE_GROUPS."RACE_TIME_HALF_FINAL",VS_STAGE_GROUPS."RACE_TIME_QUART_FINAL",VS_STAGE_GROUPS."GROUP_FINAL",VS_STAGE_GROUPS."GROUP_HALF_FINAL",VS_STAGE_GROUPS."GROUP_QUART_FINAL",VS_STAGE_GROUPS."GROUP_TYPE",VS_STAGE_GROUPS."IS_PANDING" FROM VS_STAGE_GROUPS as VS_STAGE_GROUPS WHERE STAGE_ID=? ORDER BY GROUP_NUM, NUM_IN_GROUP
Error message: 
java.sql.SQLException: [SQLITE_ERROR] SQL error or missing database (no such column: VS_STAGE_GROUPS.IS_PANDING)[2018-07-31 15:16:16] Sql is error SQL : SELECT VS_STAGE_GROUPS."GID",VS_STAGE_GROUPS."STAGE_ID",VS_STAGE_GROUPS."GROUP_NUM",VS_STAGE_GROUPS."NUM_IN_GROUP",VS_STAGE_GROUPS."REG_ID",VS_STAGE_GROUPS."PILOT",VS_STAGE_GROUPS."TRANSPONDER",VS_STAGE_GROUPS."CHANNEL",VS_STAGE_GROUPS."LAPS",VS_STAGE_GROUPS."BEST_LAP",VS_STAGE_GROUPS."RACE_TIME",VS_STAGE_GROUPS."IS_RECALULATED",VS_STAGE_GROUPS."IS_FINISHED",VS_STAGE_GROUPS."SCORE",VS_STAGE_GROUPS."WIN",VS_STAGE_GROUPS."LOSE",VS_STAGE_GROUPS."ACTIVE_FOR_NEXT_STAGE",VS_STAGE_GROUPS."CHECK_FOR_RACE",VS_STAGE_GROUPS."FIRST_LAP",VS_STAGE_GROUPS."QUAL_TIME",VS_STAGE_GROUPS."QUAL_POS",VS_STAGE_GROUPS."RACE_TIME_FINAL",VS_STAGE_GROUPS."RACE_TIME_HALF_FINAL",VS_STAGE_GROUPS."RACE_TIME_QUART_FINAL",VS_STAGE_GROUPS."GROUP_FINAL",VS_STAGE_GROUPS."GROUP_HALF_FINAL",VS_STAGE_GROUPS."GROUP_QUART_FINAL",VS_STAGE_GROUPS."GROUP_TYPE",VS_STAGE_GROUPS."IS_PANDING" FROM VS_STAGE_GROUPS as VS_STAGE_GROUPS WHERE STAGE_ID=? ORDER BY GROUP_NUM, NUM_IN_GROUP
Error message: 
java.sql.SQLException: [SQLITE_ERROR] SQL error or missing database (no such column: VS_STAGE_GROUPS.IS_PANDING)[2018-07-31 16:44:40] Sql is error SQL : UPDATE VS_STAGE SET "RACE_ID"=?, "STAGE_TYPE"=?, "FLAG_BY_PYLOT_TYPE"=?, "STAGE_NUM"=?, "CAPTION"=?, "COUNT_PILOTS_IN_GROUP"=?, "CHANNELS"=?, "COLORS"=?, "LAPS"=?, "MIN_LAP_TIME"=?, "IS_GROUP_CREATED"=?, "IS_SELECTED"=?, "PARENT_STAGE"=?, "SORT_TYPE"=?, "RACE_TYPE"=?, "PILOT_TYPE"=?, "PARENT_STAGE_ID"=?, "IS_LOCK"=?, "PILOTS_FOR_NEXT_ROUND"=?, "REP_COLS"=?, "USE_REG_ID_FOR_LAP"=?  WHERE "ID"=243
[2018-07-31 16:45:28] Sql is error SQL : UPDATE VS_STAGE SET "RACE_ID"=?, "STAGE_TYPE"=?, "FLAG_BY_PYLOT_TYPE"=?, "STAGE_NUM"=?, "CAPTION"=?, "COUNT_PILOTS_IN_GROUP"=?, "CHANNELS"=?, "COLORS"=?, "LAPS"=?, "MIN_LAP_TIME"=?, "IS_GROUP_CREATED"=?, "IS_SELECTED"=?, "PARENT_STAGE"=?, "SORT_TYPE"=?, "RACE_TYPE"=?, "PILOT_TYPE"=?, "PARENT_STAGE_ID"=?, "IS_LOCK"=?, "PILOTS_FOR_NEXT_ROUND"=?, "REP_COLS"=?, "USE_REG_ID_FOR_LAP"=?  WHERE "ID"=243
[2018-07-31 16:46:27] Address already in use: bind java.net.BindException: Address already in use: bind
	at sun.nio.ch.Net.bind0(Native Method)
	at sun.nio.ch.Net.bind(Net.java:433)
	at sun.nio.ch.Net.bind(Net.java:425)
	at sun.nio.ch.ServerSocketChannelImpl.bind(ServerSocketChannelImpl.java:223)
	at sun.nio.ch.ServerSocketAdaptor.bind(ServerSocketAdaptor.java:74)
	at org.eclipse.jetty.server.ServerConnector.openAcceptChannel(ServerConnector.java:334)
	at org.eclipse.jetty.server.ServerConnector.open(ServerConnector.java:302)
	at org.eclipse.jetty.server.AbstractNetworkConnector.doStart(AbstractNetworkConnector.java:80)
	at org.eclipse.jetty.server.ServerConnector.doStart(ServerConnector.java:238)
	at org.eclipse.jetty.util.component.AbstractLifeCycle.start(AbstractLifeCycle.java:68)
	at org.eclipse.jetty.server.Server.doStart(Server.java:397)
	at org.eclipse.jetty.util.component.AbstractLifeCycle.start(AbstractLifeCycle.java:68)
	at vs.time.kkv.connector.web.RaceHttpServer.run(RaceHttpServer.java:141)
	at java.lang.Thread.run(Thread.java:745)
